<?xml version="1.0" encoding="UTF-8"?>
<robot generator="Robot 5.0 (Python 3.10.5 on win32)" generated="20220727 12:51:56.277" rpa="false" schemaversion="3">
<suite id="s1" name="Calculadora Custom Feature &amp; Calculadora Division Feature &amp; Calculadora Multiplication Feature &amp; Calculadora Subtract Feature &amp; Calculadora Sum Feature">
<suite id="s1-s1" name="Calculadora Custom Feature" source="D:\GitHub\Gut\robot-appium\tests\calculadora_custom_feature.robot">
<test id="s1-s1-t1" name="Scenario: calculation 1" line="12">
<kw name="Run Keywords" library="BuiltIn" type="SETUP">
<arg>Open App</arg>
<doc>Executes all the given keywords in a sequence.</doc>
<kw name="Open App" library="base">
<doc>switch between local and Browserstack testsetup</doc>
<kw name="Log To Console" library="BuiltIn">
<arg>${DEVICETYPE}</arg>
<doc>Logs the given message to the console.</doc>
<status status="PASS" starttime="20220727 12:51:56.534" endtime="20220727 12:51:56.536"/>
</kw>
<kw name="Run Keyword If" library="BuiltIn">
<arg>'${DEVICETYPE}'=='ANDROID'</arg>
<arg>Import Variables</arg>
<arg>${EXECDIR}/elements/android.yaml</arg>
<arg>ELSE IF</arg>
<arg>'${DEVICETYPE}'=='IOS'</arg>
<arg>Import Variables</arg>
<arg>${EXECDIR}/elements/ios.yaml</arg>
<doc>Runs the given keyword with the given arguments, if ``condition`` is true.</doc>
<kw name="Import Variables" library="BuiltIn">
<arg>${EXECDIR}/elements/android.yaml</arg>
<doc>Imports a variable file with the given path and optional arguments.</doc>
<status status="PASS" starttime="20220727 12:51:56.536" endtime="20220727 12:51:56.540"/>
</kw>
<status status="PASS" starttime="20220727 12:51:56.536" endtime="20220727 12:51:56.540"/>
</kw>
<kw name="Log To Console" library="BuiltIn">
<arg>${environmentToRunTest}</arg>
<doc>Logs the given message to the console.</doc>
<status status="PASS" starttime="20220727 12:51:56.540" endtime="20220727 12:51:56.548"/>
</kw>
<kw name="Run Keyword If" library="BuiltIn">
<arg>'${environmentToRunTest}'=='LOCAL'</arg>
<arg>Setup Local</arg>
<arg>ELSE IF</arg>
<arg>'${environmentToRunTest}'=='BROWSERSTACK'</arg>
<arg>Setup Browserstack</arg>
<doc>Runs the given keyword with the given arguments, if ``condition`` is true.</doc>
<kw name="Setup local" library="base">
<kw name="Run Keyword If" library="BuiltIn">
<arg>'${DEVICETYPE}'=='ANDROID'</arg>
<arg>Setup local Android</arg>
<arg>ELSE IF</arg>
<arg>'${DEVICETYPE}'=='IOS'</arg>
<arg>Setup local Ios</arg>
<doc>Runs the given keyword with the given arguments, if ``condition`` is true.</doc>
<kw name="Setup local Android" library="base">
<kw name="Open Application" library="AppiumLibrary">
<arg>${URL}</arg>
<arg>automationName=UiAutomator2</arg>
<arg>platformName=Android</arg>
<arg>deviceName=${DEVICENAME}</arg>
<arg>app=${APP_ANDROID}</arg>
<arg>udid=${UDID}</arg>
<doc>Opens a new application to given Appium server.
Capabilities of appium server, Android and iOS,
Please check https://github.com/appium/appium/blob/master/docs/en/writing-running-appium/server-args.md
| *Option*            | *Man.* | *Description*     |
| remote_url          | Yes    | Appium server url |
| alias               | no     | alias             |</doc>
<status status="PASS" starttime="20220727 12:51:56.550" endtime="20220727 12:52:11.984"/>
</kw>
<status status="PASS" starttime="20220727 12:51:56.550" endtime="20220727 12:52:11.985"/>
</kw>
<status status="PASS" starttime="20220727 12:51:56.549" endtime="20220727 12:52:11.985"/>
</kw>
<status status="PASS" starttime="20220727 12:51:56.549" endtime="20220727 12:52:11.985"/>
</kw>
<status status="PASS" starttime="20220727 12:51:56.548" endtime="20220727 12:52:11.985"/>
</kw>
<kw name="Wait Until Element Is Visible" library="AppiumLibrary">
<arg>${calculate_page.screen_result}</arg>
<arg>200</arg>
<doc>Waits until element specified with `locator` is visible.</doc>
<status status="PASS" starttime="20220727 12:52:11.985" endtime="20220727 12:52:12.962"/>
</kw>
<status status="PASS" starttime="20220727 12:51:56.534" endtime="20220727 12:52:12.962"/>
</kw>
<status status="PASS" starttime="20220727 12:51:56.534" endtime="20220727 12:52:12.962"/>
</kw>
<kw name="Given that I set &quot;1&quot;" library="calculadora" sourcename="that I set &quot;${NUM}&quot;">
<kw name="click button &quot;${NUM}&quot;" library="calculadora" sourcename="click button &quot;${NUM1}&quot;">
<kw name="Get Count Size" library="dynamic_element">
<var>${COUNT}</var>
<arg>${NUM1}</arg>
<msg timestamp="20220727 12:52:12.964" level="INFO">${COUNT} = 1</msg>
<status status="PASS" starttime="20220727 12:52:12.964" endtime="20220727 12:52:12.964"/>
</kw>
<if>
<branch type="IF" condition="${COUNT} &gt; 1">
<kw name="Get List Locator Calculate" library="dynamic_element">
<var>${LIST_LOCATOR}</var>
<arg>${calculate_page}</arg>
<arg>${NUM1}</arg>
<status status="NOT RUN" starttime="20220727 12:52:12.965" endtime="20220727 12:52:12.965"/>
</kw>
<for flavor="IN">
<var>${item}</var>
<value>@{LIST_LOCATOR}</value>
<iter>
<var name="${item}"/>
<kw name="Click Element" library="AppiumLibrary">
<arg>${item}</arg>
<doc>Click element identified by `locator`.</doc>
<status status="NOT RUN" starttime="20220727 12:52:12.965" endtime="20220727 12:52:12.965"/>
</kw>
<status status="NOT RUN" starttime="20220727 12:52:12.965" endtime="20220727 12:52:12.965"/>
</iter>
<status status="NOT RUN" starttime="20220727 12:52:12.965" endtime="20220727 12:52:12.965"/>
</for>
<status status="NOT RUN" starttime="20220727 12:52:12.965" endtime="20220727 12:52:12.965"/>
</branch>
<branch type="ELSE">
<kw name="Get Locator Calculate" library="dynamic_element">
<var>${LOCATOR}</var>
<arg>${calculate_page}</arg>
<arg>${NUM1}</arg>
<msg timestamp="20220727 12:52:12.966" level="INFO">${LOCATOR} = accessibility_id=Text_1</msg>
<status status="PASS" starttime="20220727 12:52:12.965" endtime="20220727 12:52:12.966"/>
</kw>
<kw name="Click Element" library="AppiumLibrary">
<arg>${LOCATOR}</arg>
<doc>Click element identified by `locator`.</doc>
<msg timestamp="20220727 12:52:12.968" level="INFO">Clicking element 'accessibility_id=Text_1'.</msg>
<status status="PASS" starttime="20220727 12:52:12.966" endtime="20220727 12:52:13.045"/>
</kw>
<status status="PASS" starttime="20220727 12:52:12.965" endtime="20220727 12:52:13.046"/>
</branch>
<status status="PASS" starttime="20220727 12:52:12.964" endtime="20220727 12:52:13.046"/>
</if>
<status status="PASS" starttime="20220727 12:52:12.964" endtime="20220727 12:52:13.046"/>
</kw>
<status status="PASS" starttime="20220727 12:52:12.963" endtime="20220727 12:52:13.046"/>
</kw>
<kw name="Given click sum" library="calculadora">
<kw name="Click Element" library="AppiumLibrary">
<arg>${calculate_page.button_sum}</arg>
<doc>Click element identified by `locator`.</doc>
<msg timestamp="20220727 12:52:13.051" level="INFO">Clicking element 'accessibility_id=Text_+'.</msg>
<status status="PASS" starttime="20220727 12:52:13.047" endtime="20220727 12:52:13.712"/>
</kw>
<status status="PASS" starttime="20220727 12:52:13.047" endtime="20220727 12:52:13.713"/>
</kw>
<kw name="Given that I set &quot;1&quot;" library="calculadora" sourcename="that I set &quot;${NUM}&quot;">
<kw name="click button &quot;${NUM}&quot;" library="calculadora" sourcename="click button &quot;${NUM1}&quot;">
<kw name="Get Count Size" library="dynamic_element">
<var>${COUNT}</var>
<arg>${NUM1}</arg>
<msg timestamp="20220727 12:52:13.715" level="INFO">${COUNT} = 1</msg>
<status status="PASS" starttime="20220727 12:52:13.714" endtime="20220727 12:52:13.715"/>
</kw>
<if>
<branch type="IF" condition="${COUNT} &gt; 1">
<kw name="Get List Locator Calculate" library="dynamic_element">
<var>${LIST_LOCATOR}</var>
<arg>${calculate_page}</arg>
<arg>${NUM1}</arg>
<status status="NOT RUN" starttime="20220727 12:52:13.715" endtime="20220727 12:52:13.715"/>
</kw>
<for flavor="IN">
<var>${item}</var>
<value>@{LIST_LOCATOR}</value>
<iter>
<var name="${item}"/>
<kw name="Click Element" library="AppiumLibrary">
<arg>${item}</arg>
<doc>Click element identified by `locator`.</doc>
<status status="NOT RUN" starttime="20220727 12:52:13.716" endtime="20220727 12:52:13.716"/>
</kw>
<status status="NOT RUN" starttime="20220727 12:52:13.715" endtime="20220727 12:52:13.716"/>
</iter>
<status status="NOT RUN" starttime="20220727 12:52:13.715" endtime="20220727 12:52:13.716"/>
</for>
<status status="NOT RUN" starttime="20220727 12:52:13.715" endtime="20220727 12:52:13.716"/>
</branch>
<branch type="ELSE">
<kw name="Get Locator Calculate" library="dynamic_element">
<var>${LOCATOR}</var>
<arg>${calculate_page}</arg>
<arg>${NUM1}</arg>
<msg timestamp="20220727 12:52:13.717" level="INFO">${LOCATOR} = accessibility_id=Text_1</msg>
<status status="PASS" starttime="20220727 12:52:13.716" endtime="20220727 12:52:13.717"/>
</kw>
<kw name="Click Element" library="AppiumLibrary">
<arg>${LOCATOR}</arg>
<doc>Click element identified by `locator`.</doc>
<msg timestamp="20220727 12:52:13.719" level="INFO">Clicking element 'accessibility_id=Text_1'.</msg>
<status status="PASS" starttime="20220727 12:52:13.717" endtime="20220727 12:52:14.396"/>
</kw>
<status status="PASS" starttime="20220727 12:52:13.716" endtime="20220727 12:52:14.396"/>
</branch>
<status status="PASS" starttime="20220727 12:52:13.715" endtime="20220727 12:52:14.396"/>
</if>
<status status="PASS" starttime="20220727 12:52:13.714" endtime="20220727 12:52:14.396"/>
</kw>
<status status="PASS" starttime="20220727 12:52:13.714" endtime="20220727 12:52:14.396"/>
</kw>
<kw name="When I click in equeals" library="calculadora">
<kw name="click equeals" library="calculadora">
<kw name="Click Element" library="AppiumLibrary">
<arg>${calculate_page.button_equals}</arg>
<doc>Click element identified by `locator`.</doc>
<msg timestamp="20220727 12:52:14.401" level="INFO">Clicking element 'accessibility_id=Text_='.</msg>
<status status="PASS" starttime="20220727 12:52:14.398" endtime="20220727 12:52:14.483"/>
</kw>
<status status="PASS" starttime="20220727 12:52:14.397" endtime="20220727 12:52:14.483"/>
</kw>
<status status="PASS" starttime="20220727 12:52:14.397" endtime="20220727 12:52:14.483"/>
</kw>
<kw name="Then I check value is &quot;2&quot;" library="calculadora" sourcename="I check value is &quot;${RESULT}&quot;">
<kw name="Normalize Result" library="dynamic_element">
<var>${resultNormalized}</var>
<arg>${RESULT}</arg>
<msg timestamp="20220727 12:52:14.485" level="INFO">${resultNormalized} = 2</msg>
<status status="PASS" starttime="20220727 12:52:14.485" endtime="20220727 12:52:14.485"/>
</kw>
<kw name="check result &quot;${resultNormalized}&quot;" library="calculadora" sourcename="check result &quot;${RESULTADO_BDD}&quot;">
<kw name="Get Text" library="AppiumLibrary">
<var>${text_screen}</var>
<arg>${calculate_page.screen_result}</arg>
<doc>Get element text (for hybrid and mobile browser use `xpath` locator, others might cause problem)</doc>
<msg timestamp="20220727 12:52:15.231" level="INFO">Element 'xpath=//android.view.ViewGroup[@content-desc="View_container"]/android.view.ViewGroup[1]/android.widget.TextView' text is '2' </msg>
<msg timestamp="20220727 12:52:15.231" level="INFO">${text_screen} = 2</msg>
<status status="PASS" starttime="20220727 12:52:14.486" endtime="20220727 12:52:15.231"/>
</kw>
<kw name="Normalize Result" library="dynamic_element">
<var>${text_normalize}</var>
<arg>${text_screen}</arg>
<msg timestamp="20220727 12:52:15.231" level="INFO">${text_normalize} = 2</msg>
<status status="PASS" starttime="20220727 12:52:15.231" endtime="20220727 12:52:15.231"/>
</kw>
<kw name="Should Be Equal" library="BuiltIn">
<arg>${RESULTADO_BDD}</arg>
<arg>${text_normalize}</arg>
<doc>Fails if the given objects are unequal.</doc>
<status status="PASS" starttime="20220727 12:52:15.232" endtime="20220727 12:52:15.232"/>
</kw>
<status status="PASS" starttime="20220727 12:52:14.485" endtime="20220727 12:52:15.232"/>
</kw>
<status status="PASS" starttime="20220727 12:52:14.484" endtime="20220727 12:52:15.232"/>
</kw>
<kw name="Fechar App" library="base" type="TEARDOWN">
<kw name="Close Application" library="AppiumLibrary">
<doc>Closes the current application and also close webdriver session.</doc>
<status status="PASS" starttime="20220727 12:52:15.233" endtime="20220727 12:52:16.173"/>
</kw>
<status status="PASS" starttime="20220727 12:52:15.233" endtime="20220727 12:52:16.173"/>
</kw>
<tag>custom_example_sum</tag>
<status status="PASS" starttime="20220727 12:51:56.533" endtime="20220727 12:52:16.174"/>
</test>
<test id="s1-s1-t2" name="Scenario: calculation 2" line="20">
<kw name="Run Keywords" library="BuiltIn" type="SETUP">
<arg>Open App</arg>
<doc>Executes all the given keywords in a sequence.</doc>
<kw name="Open App" library="base">
<doc>switch between local and Browserstack testsetup</doc>
<kw name="Log To Console" library="BuiltIn">
<arg>${DEVICETYPE}</arg>
<doc>Logs the given message to the console.</doc>
<status status="PASS" starttime="20220727 12:52:16.176" endtime="20220727 12:52:16.190"/>
</kw>
<kw name="Run Keyword If" library="BuiltIn">
<arg>'${DEVICETYPE}'=='ANDROID'</arg>
<arg>Import Variables</arg>
<arg>${EXECDIR}/elements/android.yaml</arg>
<arg>ELSE IF</arg>
<arg>'${DEVICETYPE}'=='IOS'</arg>
<arg>Import Variables</arg>
<arg>${EXECDIR}/elements/ios.yaml</arg>
<doc>Runs the given keyword with the given arguments, if ``condition`` is true.</doc>
<kw name="Import Variables" library="BuiltIn">
<arg>${EXECDIR}/elements/android.yaml</arg>
<doc>Imports a variable file with the given path and optional arguments.</doc>
<status status="PASS" starttime="20220727 12:52:16.191" endtime="20220727 12:52:16.196"/>
</kw>
<status status="PASS" starttime="20220727 12:52:16.190" endtime="20220727 12:52:16.197"/>
</kw>
<kw name="Log To Console" library="BuiltIn">
<arg>${environmentToRunTest}</arg>
<doc>Logs the given message to the console.</doc>
<status status="PASS" starttime="20220727 12:52:16.197" endtime="20220727 12:52:16.197"/>
</kw>
<kw name="Run Keyword If" library="BuiltIn">
<arg>'${environmentToRunTest}'=='LOCAL'</arg>
<arg>Setup Local</arg>
<arg>ELSE IF</arg>
<arg>'${environmentToRunTest}'=='BROWSERSTACK'</arg>
<arg>Setup Browserstack</arg>
<doc>Runs the given keyword with the given arguments, if ``condition`` is true.</doc>
<kw name="Setup local" library="base">
<kw name="Run Keyword If" library="BuiltIn">
<arg>'${DEVICETYPE}'=='ANDROID'</arg>
<arg>Setup local Android</arg>
<arg>ELSE IF</arg>
<arg>'${DEVICETYPE}'=='IOS'</arg>
<arg>Setup local Ios</arg>
<doc>Runs the given keyword with the given arguments, if ``condition`` is true.</doc>
<kw name="Setup local Android" library="base">
<kw name="Open Application" library="AppiumLibrary">
<arg>${URL}</arg>
<arg>automationName=UiAutomator2</arg>
<arg>platformName=Android</arg>
<arg>deviceName=${DEVICENAME}</arg>
<arg>app=${APP_ANDROID}</arg>
<arg>udid=${UDID}</arg>
<doc>Opens a new application to given Appium server.
Capabilities of appium server, Android and iOS,
Please check https://github.com/appium/appium/blob/master/docs/en/writing-running-appium/server-args.md
| *Option*            | *Man.* | *Description*     |
| remote_url          | Yes    | Appium server url |
| alias               | no     | alias             |</doc>
<status status="PASS" starttime="20220727 12:52:16.200" endtime="20220727 12:52:32.259"/>
</kw>
<status status="PASS" starttime="20220727 12:52:16.199" endtime="20220727 12:52:32.260"/>
</kw>
<status status="PASS" starttime="20220727 12:52:16.199" endtime="20220727 12:52:32.260"/>
</kw>
<status status="PASS" starttime="20220727 12:52:16.198" endtime="20220727 12:52:32.260"/>
</kw>
<status status="PASS" starttime="20220727 12:52:16.198" endtime="20220727 12:52:32.260"/>
</kw>
<kw name="Wait Until Element Is Visible" library="AppiumLibrary">
<arg>${calculate_page.screen_result}</arg>
<arg>200</arg>
<doc>Waits until element specified with `locator` is visible.</doc>
<status status="PASS" starttime="20220727 12:52:32.260" endtime="20220727 12:52:33.608"/>
</kw>
<status status="PASS" starttime="20220727 12:52:16.176" endtime="20220727 12:52:33.608"/>
</kw>
<status status="PASS" starttime="20220727 12:52:16.176" endtime="20220727 12:52:33.608"/>
</kw>
<kw name="Given that I set &quot;1&quot;" library="calculadora" sourcename="that I set &quot;${NUM}&quot;">
<kw name="click button &quot;${NUM}&quot;" library="calculadora" sourcename="click button &quot;${NUM1}&quot;">
<kw name="Get Count Size" library="dynamic_element">
<var>${COUNT}</var>
<arg>${NUM1}</arg>
<msg timestamp="20220727 12:52:33.610" level="INFO">${COUNT} = 1</msg>
<status status="PASS" starttime="20220727 12:52:33.610" endtime="20220727 12:52:33.610"/>
</kw>
<if>
<branch type="IF" condition="${COUNT} &gt; 1">
<kw name="Get List Locator Calculate" library="dynamic_element">
<var>${LIST_LOCATOR}</var>
<arg>${calculate_page}</arg>
<arg>${NUM1}</arg>
<status status="NOT RUN" starttime="20220727 12:52:33.610" endtime="20220727 12:52:33.610"/>
</kw>
<for flavor="IN">
<var>${item}</var>
<value>@{LIST_LOCATOR}</value>
<iter>
<var name="${item}"/>
<kw name="Click Element" library="AppiumLibrary">
<arg>${item}</arg>
<doc>Click element identified by `locator`.</doc>
<status status="NOT RUN" starttime="20220727 12:52:33.611" endtime="20220727 12:52:33.611"/>
</kw>
<status status="NOT RUN" starttime="20220727 12:52:33.611" endtime="20220727 12:52:33.611"/>
</iter>
<status status="NOT RUN" starttime="20220727 12:52:33.610" endtime="20220727 12:52:33.611"/>
</for>
<status status="NOT RUN" starttime="20220727 12:52:33.610" endtime="20220727 12:52:33.611"/>
</branch>
<branch type="ELSE">
<kw name="Get Locator Calculate" library="dynamic_element">
<var>${LOCATOR}</var>
<arg>${calculate_page}</arg>
<arg>${NUM1}</arg>
<msg timestamp="20220727 12:52:33.611" level="INFO">${LOCATOR} = accessibility_id=Text_1</msg>
<status status="PASS" starttime="20220727 12:52:33.611" endtime="20220727 12:52:33.611"/>
</kw>
<kw name="Click Element" library="AppiumLibrary">
<arg>${LOCATOR}</arg>
<doc>Click element identified by `locator`.</doc>
<msg timestamp="20220727 12:52:33.614" level="INFO">Clicking element 'accessibility_id=Text_1'.</msg>
<status status="PASS" starttime="20220727 12:52:33.612" endtime="20220727 12:52:33.696"/>
</kw>
<status status="PASS" starttime="20220727 12:52:33.611" endtime="20220727 12:52:33.696"/>
</branch>
<status status="PASS" starttime="20220727 12:52:33.610" endtime="20220727 12:52:33.696"/>
</if>
<status status="PASS" starttime="20220727 12:52:33.609" endtime="20220727 12:52:33.696"/>
</kw>
<status status="PASS" starttime="20220727 12:52:33.609" endtime="20220727 12:52:33.696"/>
</kw>
<kw name="Given click subtract" library="calculadora">
<kw name="Click Element" library="AppiumLibrary">
<arg>${calculate_page.button_subtract}</arg>
<doc>Click element identified by `locator`.</doc>
<msg timestamp="20220727 12:52:33.701" level="INFO">Clicking element 'accessibility_id=Text_-'.</msg>
<status status="PASS" starttime="20220727 12:52:33.698" endtime="20220727 12:52:34.382"/>
</kw>
<status status="PASS" starttime="20220727 12:52:33.697" endtime="20220727 12:52:34.382"/>
</kw>
<kw name="Given that I set &quot;1&quot;" library="calculadora" sourcename="that I set &quot;${NUM}&quot;">
<kw name="click button &quot;${NUM}&quot;" library="calculadora" sourcename="click button &quot;${NUM1}&quot;">
<kw name="Get Count Size" library="dynamic_element">
<var>${COUNT}</var>
<arg>${NUM1}</arg>
<msg timestamp="20220727 12:52:34.384" level="INFO">${COUNT} = 1</msg>
<status status="PASS" starttime="20220727 12:52:34.383" endtime="20220727 12:52:34.384"/>
</kw>
<if>
<branch type="IF" condition="${COUNT} &gt; 1">
<kw name="Get List Locator Calculate" library="dynamic_element">
<var>${LIST_LOCATOR}</var>
<arg>${calculate_page}</arg>
<arg>${NUM1}</arg>
<status status="NOT RUN" starttime="20220727 12:52:34.384" endtime="20220727 12:52:34.384"/>
</kw>
<for flavor="IN">
<var>${item}</var>
<value>@{LIST_LOCATOR}</value>
<iter>
<var name="${item}"/>
<kw name="Click Element" library="AppiumLibrary">
<arg>${item}</arg>
<doc>Click element identified by `locator`.</doc>
<status status="NOT RUN" starttime="20220727 12:52:34.384" endtime="20220727 12:52:34.385"/>
</kw>
<status status="NOT RUN" starttime="20220727 12:52:34.384" endtime="20220727 12:52:34.385"/>
</iter>
<status status="NOT RUN" starttime="20220727 12:52:34.384" endtime="20220727 12:52:34.385"/>
</for>
<status status="NOT RUN" starttime="20220727 12:52:34.384" endtime="20220727 12:52:34.385"/>
</branch>
<branch type="ELSE">
<kw name="Get Locator Calculate" library="dynamic_element">
<var>${LOCATOR}</var>
<arg>${calculate_page}</arg>
<arg>${NUM1}</arg>
<msg timestamp="20220727 12:52:34.385" level="INFO">${LOCATOR} = accessibility_id=Text_1</msg>
<status status="PASS" starttime="20220727 12:52:34.385" endtime="20220727 12:52:34.387"/>
</kw>
<kw name="Click Element" library="AppiumLibrary">
<arg>${LOCATOR}</arg>
<doc>Click element identified by `locator`.</doc>
<msg timestamp="20220727 12:52:34.389" level="INFO">Clicking element 'accessibility_id=Text_1'.</msg>
<status status="PASS" starttime="20220727 12:52:34.387" endtime="20220727 12:52:35.067"/>
</kw>
<status status="PASS" starttime="20220727 12:52:34.385" endtime="20220727 12:52:35.067"/>
</branch>
<status status="PASS" starttime="20220727 12:52:34.384" endtime="20220727 12:52:35.067"/>
</if>
<status status="PASS" starttime="20220727 12:52:34.383" endtime="20220727 12:52:35.067"/>
</kw>
<status status="PASS" starttime="20220727 12:52:34.383" endtime="20220727 12:52:35.068"/>
</kw>
<kw name="When I click in equeals" library="calculadora">
<kw name="click equeals" library="calculadora">
<kw name="Click Element" library="AppiumLibrary">
<arg>${calculate_page.button_equals}</arg>
<doc>Click element identified by `locator`.</doc>
<msg timestamp="20220727 12:52:35.073" level="INFO">Clicking element 'accessibility_id=Text_='.</msg>
<status status="PASS" starttime="20220727 12:52:35.069" endtime="20220727 12:52:35.166"/>
</kw>
<status status="PASS" starttime="20220727 12:52:35.069" endtime="20220727 12:52:35.166"/>
</kw>
<status status="PASS" starttime="20220727 12:52:35.068" endtime="20220727 12:52:35.166"/>
</kw>
<kw name="Then I check value is &quot;0&quot;" library="calculadora" sourcename="I check value is &quot;${RESULT}&quot;">
<kw name="Normalize Result" library="dynamic_element">
<var>${resultNormalized}</var>
<arg>${RESULT}</arg>
<msg timestamp="20220727 12:52:35.168" level="INFO">${resultNormalized} = 0</msg>
<status status="PASS" starttime="20220727 12:52:35.168" endtime="20220727 12:52:35.168"/>
</kw>
<kw name="check result &quot;${resultNormalized}&quot;" library="calculadora" sourcename="check result &quot;${RESULTADO_BDD}&quot;">
<kw name="Get Text" library="AppiumLibrary">
<var>${text_screen}</var>
<arg>${calculate_page.screen_result}</arg>
<doc>Get element text (for hybrid and mobile browser use `xpath` locator, others might cause problem)</doc>
<msg timestamp="20220727 12:52:35.906" level="INFO">Element 'xpath=//android.view.ViewGroup[@content-desc="View_container"]/android.view.ViewGroup[1]/android.widget.TextView' text is '0' </msg>
<msg timestamp="20220727 12:52:35.907" level="INFO">${text_screen} = 0</msg>
<status status="PASS" starttime="20220727 12:52:35.169" endtime="20220727 12:52:35.907"/>
</kw>
<kw name="Normalize Result" library="dynamic_element">
<var>${text_normalize}</var>
<arg>${text_screen}</arg>
<msg timestamp="20220727 12:52:35.907" level="INFO">${text_normalize} = 0</msg>
<status status="PASS" starttime="20220727 12:52:35.907" endtime="20220727 12:52:35.907"/>
</kw>
<kw name="Should Be Equal" library="BuiltIn">
<arg>${RESULTADO_BDD}</arg>
<arg>${text_normalize}</arg>
<doc>Fails if the given objects are unequal.</doc>
<status status="PASS" starttime="20220727 12:52:35.907" endtime="20220727 12:52:35.908"/>
</kw>
<status status="PASS" starttime="20220727 12:52:35.168" endtime="20220727 12:52:35.908"/>
</kw>
<status status="PASS" starttime="20220727 12:52:35.167" endtime="20220727 12:52:35.908"/>
</kw>
<kw name="Fechar App" library="base" type="TEARDOWN">
<kw name="Close Application" library="AppiumLibrary">
<doc>Closes the current application and also close webdriver session.</doc>
<status status="PASS" starttime="20220727 12:52:35.909" endtime="20220727 12:52:36.778"/>
</kw>
<status status="PASS" starttime="20220727 12:52:35.909" endtime="20220727 12:52:36.778"/>
</kw>
<tag>custom_example_subtract</tag>
<status status="PASS" starttime="20220727 12:52:16.175" endtime="20220727 12:52:36.779"/>
</test>
<test id="s1-s1-t3" name="Scenario: calculation 3" line="28">
<kw name="Run Keywords" library="BuiltIn" type="SETUP">
<arg>Open App</arg>
<doc>Executes all the given keywords in a sequence.</doc>
<kw name="Open App" library="base">
<doc>switch between local and Browserstack testsetup</doc>
<kw name="Log To Console" library="BuiltIn">
<arg>${DEVICETYPE}</arg>
<doc>Logs the given message to the console.</doc>
<status status="PASS" starttime="20220727 12:52:36.781" endtime="20220727 12:52:36.793"/>
</kw>
<kw name="Run Keyword If" library="BuiltIn">
<arg>'${DEVICETYPE}'=='ANDROID'</arg>
<arg>Import Variables</arg>
<arg>${EXECDIR}/elements/android.yaml</arg>
<arg>ELSE IF</arg>
<arg>'${DEVICETYPE}'=='IOS'</arg>
<arg>Import Variables</arg>
<arg>${EXECDIR}/elements/ios.yaml</arg>
<doc>Runs the given keyword with the given arguments, if ``condition`` is true.</doc>
<kw name="Import Variables" library="BuiltIn">
<arg>${EXECDIR}/elements/android.yaml</arg>
<doc>Imports a variable file with the given path and optional arguments.</doc>
<status status="PASS" starttime="20220727 12:52:36.794" endtime="20220727 12:52:36.801"/>
</kw>
<status status="PASS" starttime="20220727 12:52:36.793" endtime="20220727 12:52:36.801"/>
</kw>
<kw name="Log To Console" library="BuiltIn">
<arg>${environmentToRunTest}</arg>
<doc>Logs the given message to the console.</doc>
<status status="PASS" starttime="20220727 12:52:36.801" endtime="20220727 12:52:36.802"/>
</kw>
<kw name="Run Keyword If" library="BuiltIn">
<arg>'${environmentToRunTest}'=='LOCAL'</arg>
<arg>Setup Local</arg>
<arg>ELSE IF</arg>
<arg>'${environmentToRunTest}'=='BROWSERSTACK'</arg>
<arg>Setup Browserstack</arg>
<doc>Runs the given keyword with the given arguments, if ``condition`` is true.</doc>
<kw name="Setup local" library="base">
<kw name="Run Keyword If" library="BuiltIn">
<arg>'${DEVICETYPE}'=='ANDROID'</arg>
<arg>Setup local Android</arg>
<arg>ELSE IF</arg>
<arg>'${DEVICETYPE}'=='IOS'</arg>
<arg>Setup local Ios</arg>
<doc>Runs the given keyword with the given arguments, if ``condition`` is true.</doc>
<kw name="Setup local Android" library="base">
<kw name="Open Application" library="AppiumLibrary">
<arg>${URL}</arg>
<arg>automationName=UiAutomator2</arg>
<arg>platformName=Android</arg>
<arg>deviceName=${DEVICENAME}</arg>
<arg>app=${APP_ANDROID}</arg>
<arg>udid=${UDID}</arg>
<doc>Opens a new application to given Appium server.
Capabilities of appium server, Android and iOS,
Please check https://github.com/appium/appium/blob/master/docs/en/writing-running-appium/server-args.md
| *Option*            | *Man.* | *Description*     |
| remote_url          | Yes    | Appium server url |
| alias               | no     | alias             |</doc>
<status status="PASS" starttime="20220727 12:52:36.803" endtime="20220727 12:52:52.605"/>
</kw>
<status status="PASS" starttime="20220727 12:52:36.803" endtime="20220727 12:52:52.605"/>
</kw>
<status status="PASS" starttime="20220727 12:52:36.802" endtime="20220727 12:52:52.605"/>
</kw>
<status status="PASS" starttime="20220727 12:52:36.802" endtime="20220727 12:52:52.606"/>
</kw>
<status status="PASS" starttime="20220727 12:52:36.802" endtime="20220727 12:52:52.606"/>
</kw>
<kw name="Wait Until Element Is Visible" library="AppiumLibrary">
<arg>${calculate_page.screen_result}</arg>
<arg>200</arg>
<doc>Waits until element specified with `locator` is visible.</doc>
<status status="PASS" starttime="20220727 12:52:52.606" endtime="20220727 12:52:53.480"/>
</kw>
<status status="PASS" starttime="20220727 12:52:36.780" endtime="20220727 12:52:53.480"/>
</kw>
<status status="PASS" starttime="20220727 12:52:36.780" endtime="20220727 12:52:53.480"/>
</kw>
<kw name="Given that I set &quot;1&quot;" library="calculadora" sourcename="that I set &quot;${NUM}&quot;">
<kw name="click button &quot;${NUM}&quot;" library="calculadora" sourcename="click button &quot;${NUM1}&quot;">
<kw name="Get Count Size" library="dynamic_element">
<var>${COUNT}</var>
<arg>${NUM1}</arg>
<msg timestamp="20220727 12:52:53.482" level="INFO">${COUNT} = 1</msg>
<status status="PASS" starttime="20220727 12:52:53.482" endtime="20220727 12:52:53.482"/>
</kw>
<if>
<branch type="IF" condition="${COUNT} &gt; 1">
<kw name="Get List Locator Calculate" library="dynamic_element">
<var>${LIST_LOCATOR}</var>
<arg>${calculate_page}</arg>
<arg>${NUM1}</arg>
<status status="NOT RUN" starttime="20220727 12:52:53.482" endtime="20220727 12:52:53.482"/>
</kw>
<for flavor="IN">
<var>${item}</var>
<value>@{LIST_LOCATOR}</value>
<iter>
<var name="${item}"/>
<kw name="Click Element" library="AppiumLibrary">
<arg>${item}</arg>
<doc>Click element identified by `locator`.</doc>
<status status="NOT RUN" starttime="20220727 12:52:53.483" endtime="20220727 12:52:53.483"/>
</kw>
<status status="NOT RUN" starttime="20220727 12:52:53.483" endtime="20220727 12:52:53.483"/>
</iter>
<status status="NOT RUN" starttime="20220727 12:52:53.482" endtime="20220727 12:52:53.483"/>
</for>
<status status="NOT RUN" starttime="20220727 12:52:53.482" endtime="20220727 12:52:53.483"/>
</branch>
<branch type="ELSE">
<kw name="Get Locator Calculate" library="dynamic_element">
<var>${LOCATOR}</var>
<arg>${calculate_page}</arg>
<arg>${NUM1}</arg>
<msg timestamp="20220727 12:52:53.484" level="INFO">${LOCATOR} = accessibility_id=Text_1</msg>
<status status="PASS" starttime="20220727 12:52:53.483" endtime="20220727 12:52:53.484"/>
</kw>
<kw name="Click Element" library="AppiumLibrary">
<arg>${LOCATOR}</arg>
<doc>Click element identified by `locator`.</doc>
<msg timestamp="20220727 12:52:53.486" level="INFO">Clicking element 'accessibility_id=Text_1'.</msg>
<status status="PASS" starttime="20220727 12:52:53.484" endtime="20220727 12:52:53.565"/>
</kw>
<status status="PASS" starttime="20220727 12:52:53.483" endtime="20220727 12:52:53.565"/>
</branch>
<status status="PASS" starttime="20220727 12:52:53.482" endtime="20220727 12:52:53.565"/>
</if>
<status status="PASS" starttime="20220727 12:52:53.481" endtime="20220727 12:52:53.565"/>
</kw>
<status status="PASS" starttime="20220727 12:52:53.481" endtime="20220727 12:52:53.565"/>
</kw>
<kw name="Given click division" library="calculadora">
<kw name="Click Element" library="AppiumLibrary">
<arg>${calculate_page.button_division}</arg>
<doc>Click element identified by `locator`.</doc>
<msg timestamp="20220727 12:52:53.570" level="INFO">Clicking element 'accessibility_id=Text_/'.</msg>
<status status="PASS" starttime="20220727 12:52:53.566" endtime="20220727 12:52:54.243"/>
</kw>
<status status="PASS" starttime="20220727 12:52:53.566" endtime="20220727 12:52:54.243"/>
</kw>
<kw name="Given that I set &quot;1&quot;" library="calculadora" sourcename="that I set &quot;${NUM}&quot;">
<kw name="click button &quot;${NUM}&quot;" library="calculadora" sourcename="click button &quot;${NUM1}&quot;">
<kw name="Get Count Size" library="dynamic_element">
<var>${COUNT}</var>
<arg>${NUM1}</arg>
<msg timestamp="20220727 12:52:54.246" level="INFO">${COUNT} = 1</msg>
<status status="PASS" starttime="20220727 12:52:54.246" endtime="20220727 12:52:54.246"/>
</kw>
<if>
<branch type="IF" condition="${COUNT} &gt; 1">
<kw name="Get List Locator Calculate" library="dynamic_element">
<var>${LIST_LOCATOR}</var>
<arg>${calculate_page}</arg>
<arg>${NUM1}</arg>
<status status="NOT RUN" starttime="20220727 12:52:54.247" endtime="20220727 12:52:54.247"/>
</kw>
<for flavor="IN">
<var>${item}</var>
<value>@{LIST_LOCATOR}</value>
<iter>
<var name="${item}"/>
<kw name="Click Element" library="AppiumLibrary">
<arg>${item}</arg>
<doc>Click element identified by `locator`.</doc>
<status status="NOT RUN" starttime="20220727 12:52:54.247" endtime="20220727 12:52:54.247"/>
</kw>
<status status="NOT RUN" starttime="20220727 12:52:54.247" endtime="20220727 12:52:54.247"/>
</iter>
<status status="NOT RUN" starttime="20220727 12:52:54.247" endtime="20220727 12:52:54.247"/>
</for>
<status status="NOT RUN" starttime="20220727 12:52:54.247" endtime="20220727 12:52:54.247"/>
</branch>
<branch type="ELSE">
<kw name="Get Locator Calculate" library="dynamic_element">
<var>${LOCATOR}</var>
<arg>${calculate_page}</arg>
<arg>${NUM1}</arg>
<msg timestamp="20220727 12:52:54.248" level="INFO">${LOCATOR} = accessibility_id=Text_1</msg>
<status status="PASS" starttime="20220727 12:52:54.247" endtime="20220727 12:52:54.248"/>
</kw>
<kw name="Click Element" library="AppiumLibrary">
<arg>${LOCATOR}</arg>
<doc>Click element identified by `locator`.</doc>
<msg timestamp="20220727 12:52:54.250" level="INFO">Clicking element 'accessibility_id=Text_1'.</msg>
<status status="PASS" starttime="20220727 12:52:54.248" endtime="20220727 12:52:54.896"/>
</kw>
<status status="PASS" starttime="20220727 12:52:54.247" endtime="20220727 12:52:54.896"/>
</branch>
<status status="PASS" starttime="20220727 12:52:54.246" endtime="20220727 12:52:54.896"/>
</if>
<status status="PASS" starttime="20220727 12:52:54.245" endtime="20220727 12:52:54.896"/>
</kw>
<status status="PASS" starttime="20220727 12:52:54.244" endtime="20220727 12:52:54.896"/>
</kw>
<kw name="When I click in equeals" library="calculadora">
<kw name="click equeals" library="calculadora">
<kw name="Click Element" library="AppiumLibrary">
<arg>${calculate_page.button_equals}</arg>
<doc>Click element identified by `locator`.</doc>
<msg timestamp="20220727 12:52:54.901" level="INFO">Clicking element 'accessibility_id=Text_='.</msg>
<status status="PASS" starttime="20220727 12:52:54.898" endtime="20220727 12:52:54.996"/>
</kw>
<status status="PASS" starttime="20220727 12:52:54.897" endtime="20220727 12:52:54.996"/>
</kw>
<status status="PASS" starttime="20220727 12:52:54.897" endtime="20220727 12:52:54.997"/>
</kw>
<kw name="Then I check value is &quot;1&quot;" library="calculadora" sourcename="I check value is &quot;${RESULT}&quot;">
<kw name="Normalize Result" library="dynamic_element">
<var>${resultNormalized}</var>
<arg>${RESULT}</arg>
<msg timestamp="20220727 12:52:54.999" level="INFO">${resultNormalized} = 1</msg>
<status status="PASS" starttime="20220727 12:52:54.999" endtime="20220727 12:52:54.999"/>
</kw>
<kw name="check result &quot;${resultNormalized}&quot;" library="calculadora" sourcename="check result &quot;${RESULTADO_BDD}&quot;">
<kw name="Get Text" library="AppiumLibrary">
<var>${text_screen}</var>
<arg>${calculate_page.screen_result}</arg>
<doc>Get element text (for hybrid and mobile browser use `xpath` locator, others might cause problem)</doc>
<msg timestamp="20220727 12:52:55.734" level="INFO">Element 'xpath=//android.view.ViewGroup[@content-desc="View_container"]/android.view.ViewGroup[1]/android.widget.TextView' text is '1' </msg>
<msg timestamp="20220727 12:52:55.734" level="INFO">${text_screen} = 1</msg>
<status status="PASS" starttime="20220727 12:52:55.000" endtime="20220727 12:52:55.734"/>
</kw>
<kw name="Normalize Result" library="dynamic_element">
<var>${text_normalize}</var>
<arg>${text_screen}</arg>
<msg timestamp="20220727 12:52:55.735" level="INFO">${text_normalize} = 1</msg>
<status status="PASS" starttime="20220727 12:52:55.735" endtime="20220727 12:52:55.735"/>
</kw>
<kw name="Should Be Equal" library="BuiltIn">
<arg>${RESULTADO_BDD}</arg>
<arg>${text_normalize}</arg>
<doc>Fails if the given objects are unequal.</doc>
<status status="PASS" starttime="20220727 12:52:55.735" endtime="20220727 12:52:55.735"/>
</kw>
<status status="PASS" starttime="20220727 12:52:55.000" endtime="20220727 12:52:55.736"/>
</kw>
<status status="PASS" starttime="20220727 12:52:54.998" endtime="20220727 12:52:55.736"/>
</kw>
<kw name="Fechar App" library="base" type="TEARDOWN">
<kw name="Close Application" library="AppiumLibrary">
<doc>Closes the current application and also close webdriver session.</doc>
<status status="PASS" starttime="20220727 12:52:55.737" endtime="20220727 12:52:56.741"/>
</kw>
<status status="PASS" starttime="20220727 12:52:55.737" endtime="20220727 12:52:56.742"/>
</kw>
<tag>custom_example_division</tag>
<status status="PASS" starttime="20220727 12:52:36.780" endtime="20220727 12:52:56.742"/>
</test>
<test id="s1-s1-t4" name="Scenario: calculation 4" line="36">
<kw name="Run Keywords" library="BuiltIn" type="SETUP">
<arg>Open App</arg>
<doc>Executes all the given keywords in a sequence.</doc>
<kw name="Open App" library="base">
<doc>switch between local and Browserstack testsetup</doc>
<kw name="Log To Console" library="BuiltIn">
<arg>${DEVICETYPE}</arg>
<doc>Logs the given message to the console.</doc>
<status status="PASS" starttime="20220727 12:52:56.745" endtime="20220727 12:52:56.754"/>
</kw>
<kw name="Run Keyword If" library="BuiltIn">
<arg>'${DEVICETYPE}'=='ANDROID'</arg>
<arg>Import Variables</arg>
<arg>${EXECDIR}/elements/android.yaml</arg>
<arg>ELSE IF</arg>
<arg>'${DEVICETYPE}'=='IOS'</arg>
<arg>Import Variables</arg>
<arg>${EXECDIR}/elements/ios.yaml</arg>
<doc>Runs the given keyword with the given arguments, if ``condition`` is true.</doc>
<kw name="Import Variables" library="BuiltIn">
<arg>${EXECDIR}/elements/android.yaml</arg>
<doc>Imports a variable file with the given path and optional arguments.</doc>
<status status="PASS" starttime="20220727 12:52:56.756" endtime="20220727 12:52:56.761"/>
</kw>
<status status="PASS" starttime="20220727 12:52:56.755" endtime="20220727 12:52:56.761"/>
</kw>
<kw name="Log To Console" library="BuiltIn">
<arg>${environmentToRunTest}</arg>
<doc>Logs the given message to the console.</doc>
<status status="PASS" starttime="20220727 12:52:56.761" endtime="20220727 12:52:56.762"/>
</kw>
<kw name="Run Keyword If" library="BuiltIn">
<arg>'${environmentToRunTest}'=='LOCAL'</arg>
<arg>Setup Local</arg>
<arg>ELSE IF</arg>
<arg>'${environmentToRunTest}'=='BROWSERSTACK'</arg>
<arg>Setup Browserstack</arg>
<doc>Runs the given keyword with the given arguments, if ``condition`` is true.</doc>
<kw name="Setup local" library="base">
<kw name="Run Keyword If" library="BuiltIn">
<arg>'${DEVICETYPE}'=='ANDROID'</arg>
<arg>Setup local Android</arg>
<arg>ELSE IF</arg>
<arg>'${DEVICETYPE}'=='IOS'</arg>
<arg>Setup local Ios</arg>
<doc>Runs the given keyword with the given arguments, if ``condition`` is true.</doc>
<kw name="Setup local Android" library="base">
<kw name="Open Application" library="AppiumLibrary">
<arg>${URL}</arg>
<arg>automationName=UiAutomator2</arg>
<arg>platformName=Android</arg>
<arg>deviceName=${DEVICENAME}</arg>
<arg>app=${APP_ANDROID}</arg>
<arg>udid=${UDID}</arg>
<doc>Opens a new application to given Appium server.
Capabilities of appium server, Android and iOS,
Please check https://github.com/appium/appium/blob/master/docs/en/writing-running-appium/server-args.md
| *Option*            | *Man.* | *Description*     |
| remote_url          | Yes    | Appium server url |
| alias               | no     | alias             |</doc>
<status status="PASS" starttime="20220727 12:52:56.763" endtime="20220727 12:53:12.623"/>
</kw>
<status status="PASS" starttime="20220727 12:52:56.763" endtime="20220727 12:53:12.623"/>
</kw>
<status status="PASS" starttime="20220727 12:52:56.763" endtime="20220727 12:53:12.623"/>
</kw>
<status status="PASS" starttime="20220727 12:52:56.762" endtime="20220727 12:53:12.623"/>
</kw>
<status status="PASS" starttime="20220727 12:52:56.762" endtime="20220727 12:53:12.624"/>
</kw>
<kw name="Wait Until Element Is Visible" library="AppiumLibrary">
<arg>${calculate_page.screen_result}</arg>
<arg>200</arg>
<doc>Waits until element specified with `locator` is visible.</doc>
<status status="PASS" starttime="20220727 12:53:12.624" endtime="20220727 12:53:13.521"/>
</kw>
<status status="PASS" starttime="20220727 12:52:56.745" endtime="20220727 12:53:13.521"/>
</kw>
<status status="PASS" starttime="20220727 12:52:56.745" endtime="20220727 12:53:13.521"/>
</kw>
<kw name="Given that I set &quot;1&quot;" library="calculadora" sourcename="that I set &quot;${NUM}&quot;">
<kw name="click button &quot;${NUM}&quot;" library="calculadora" sourcename="click button &quot;${NUM1}&quot;">
<kw name="Get Count Size" library="dynamic_element">
<var>${COUNT}</var>
<arg>${NUM1}</arg>
<msg timestamp="20220727 12:53:13.523" level="INFO">${COUNT} = 1</msg>
<status status="PASS" starttime="20220727 12:53:13.523" endtime="20220727 12:53:13.523"/>
</kw>
<if>
<branch type="IF" condition="${COUNT} &gt; 1">
<kw name="Get List Locator Calculate" library="dynamic_element">
<var>${LIST_LOCATOR}</var>
<arg>${calculate_page}</arg>
<arg>${NUM1}</arg>
<status status="NOT RUN" starttime="20220727 12:53:13.523" endtime="20220727 12:53:13.523"/>
</kw>
<for flavor="IN">
<var>${item}</var>
<value>@{LIST_LOCATOR}</value>
<iter>
<var name="${item}"/>
<kw name="Click Element" library="AppiumLibrary">
<arg>${item}</arg>
<doc>Click element identified by `locator`.</doc>
<status status="NOT RUN" starttime="20220727 12:53:13.523" endtime="20220727 12:53:13.523"/>
</kw>
<status status="NOT RUN" starttime="20220727 12:53:13.523" endtime="20220727 12:53:13.523"/>
</iter>
<status status="NOT RUN" starttime="20220727 12:53:13.523" endtime="20220727 12:53:13.523"/>
</for>
<status status="NOT RUN" starttime="20220727 12:53:13.523" endtime="20220727 12:53:13.523"/>
</branch>
<branch type="ELSE">
<kw name="Get Locator Calculate" library="dynamic_element">
<var>${LOCATOR}</var>
<arg>${calculate_page}</arg>
<arg>${NUM1}</arg>
<msg timestamp="20220727 12:53:13.524" level="INFO">${LOCATOR} = accessibility_id=Text_1</msg>
<status status="PASS" starttime="20220727 12:53:13.524" endtime="20220727 12:53:13.524"/>
</kw>
<kw name="Click Element" library="AppiumLibrary">
<arg>${LOCATOR}</arg>
<doc>Click element identified by `locator`.</doc>
<msg timestamp="20220727 12:53:13.526" level="INFO">Clicking element 'accessibility_id=Text_1'.</msg>
<status status="PASS" starttime="20220727 12:53:13.524" endtime="20220727 12:53:13.631"/>
</kw>
<status status="PASS" starttime="20220727 12:53:13.523" endtime="20220727 12:53:13.631"/>
</branch>
<status status="PASS" starttime="20220727 12:53:13.523" endtime="20220727 12:53:13.631"/>
</if>
<status status="PASS" starttime="20220727 12:53:13.522" endtime="20220727 12:53:13.631"/>
</kw>
<status status="PASS" starttime="20220727 12:53:13.522" endtime="20220727 12:53:13.631"/>
</kw>
<kw name="Given click multiplication" library="calculadora">
<kw name="Click Element" library="AppiumLibrary">
<arg>${calculate_page.button_multiplication}</arg>
<doc>Click element identified by `locator`.</doc>
<msg timestamp="20220727 12:53:13.637" level="INFO">Clicking element 'accessibility_id=Text_*'.</msg>
<status status="PASS" starttime="20220727 12:53:13.633" endtime="20220727 12:53:14.310"/>
</kw>
<status status="PASS" starttime="20220727 12:53:13.632" endtime="20220727 12:53:14.310"/>
</kw>
<kw name="Given that I set &quot;1&quot;" library="calculadora" sourcename="that I set &quot;${NUM}&quot;">
<kw name="click button &quot;${NUM}&quot;" library="calculadora" sourcename="click button &quot;${NUM1}&quot;">
<kw name="Get Count Size" library="dynamic_element">
<var>${COUNT}</var>
<arg>${NUM1}</arg>
<msg timestamp="20220727 12:53:14.312" level="INFO">${COUNT} = 1</msg>
<status status="PASS" starttime="20220727 12:53:14.312" endtime="20220727 12:53:14.312"/>
</kw>
<if>
<branch type="IF" condition="${COUNT} &gt; 1">
<kw name="Get List Locator Calculate" library="dynamic_element">
<var>${LIST_LOCATOR}</var>
<arg>${calculate_page}</arg>
<arg>${NUM1}</arg>
<status status="NOT RUN" starttime="20220727 12:53:14.313" endtime="20220727 12:53:14.313"/>
</kw>
<for flavor="IN">
<var>${item}</var>
<value>@{LIST_LOCATOR}</value>
<iter>
<var name="${item}"/>
<kw name="Click Element" library="AppiumLibrary">
<arg>${item}</arg>
<doc>Click element identified by `locator`.</doc>
<status status="NOT RUN" starttime="20220727 12:53:14.313" endtime="20220727 12:53:14.313"/>
</kw>
<status status="NOT RUN" starttime="20220727 12:53:14.313" endtime="20220727 12:53:14.313"/>
</iter>
<status status="NOT RUN" starttime="20220727 12:53:14.313" endtime="20220727 12:53:14.313"/>
</for>
<status status="NOT RUN" starttime="20220727 12:53:14.313" endtime="20220727 12:53:14.313"/>
</branch>
<branch type="ELSE">
<kw name="Get Locator Calculate" library="dynamic_element">
<var>${LOCATOR}</var>
<arg>${calculate_page}</arg>
<arg>${NUM1}</arg>
<msg timestamp="20220727 12:53:14.314" level="INFO">${LOCATOR} = accessibility_id=Text_1</msg>
<status status="PASS" starttime="20220727 12:53:14.313" endtime="20220727 12:53:14.314"/>
</kw>
<kw name="Click Element" library="AppiumLibrary">
<arg>${LOCATOR}</arg>
<doc>Click element identified by `locator`.</doc>
<msg timestamp="20220727 12:53:14.317" level="INFO">Clicking element 'accessibility_id=Text_1'.</msg>
<status status="PASS" starttime="20220727 12:53:14.314" endtime="20220727 12:53:14.963"/>
</kw>
<status status="PASS" starttime="20220727 12:53:14.313" endtime="20220727 12:53:14.963"/>
</branch>
<status status="PASS" starttime="20220727 12:53:14.313" endtime="20220727 12:53:14.963"/>
</if>
<status status="PASS" starttime="20220727 12:53:14.312" endtime="20220727 12:53:14.963"/>
</kw>
<status status="PASS" starttime="20220727 12:53:14.311" endtime="20220727 12:53:14.963"/>
</kw>
<kw name="When I click in equeals" library="calculadora">
<kw name="click equeals" library="calculadora">
<kw name="Click Element" library="AppiumLibrary">
<arg>${calculate_page.button_equals}</arg>
<doc>Click element identified by `locator`.</doc>
<msg timestamp="20220727 12:53:14.969" level="INFO">Clicking element 'accessibility_id=Text_='.</msg>
<status status="PASS" starttime="20220727 12:53:14.965" endtime="20220727 12:53:15.050"/>
</kw>
<status status="PASS" starttime="20220727 12:53:14.964" endtime="20220727 12:53:15.051"/>
</kw>
<status status="PASS" starttime="20220727 12:53:14.964" endtime="20220727 12:53:15.051"/>
</kw>
<kw name="Then I check value is &quot;1&quot;" library="calculadora" sourcename="I check value is &quot;${RESULT}&quot;">
<kw name="Normalize Result" library="dynamic_element">
<var>${resultNormalized}</var>
<arg>${RESULT}</arg>
<msg timestamp="20220727 12:53:15.053" level="INFO">${resultNormalized} = 1</msg>
<status status="PASS" starttime="20220727 12:53:15.052" endtime="20220727 12:53:15.053"/>
</kw>
<kw name="check result &quot;${resultNormalized}&quot;" library="calculadora" sourcename="check result &quot;${RESULTADO_BDD}&quot;">
<kw name="Get Text" library="AppiumLibrary">
<var>${text_screen}</var>
<arg>${calculate_page.screen_result}</arg>
<doc>Get element text (for hybrid and mobile browser use `xpath` locator, others might cause problem)</doc>
<msg timestamp="20220727 12:53:15.787" level="INFO">Element 'xpath=//android.view.ViewGroup[@content-desc="View_container"]/android.view.ViewGroup[1]/android.widget.TextView' text is '1' </msg>
<msg timestamp="20220727 12:53:15.787" level="INFO">${text_screen} = 1</msg>
<status status="PASS" starttime="20220727 12:53:15.053" endtime="20220727 12:53:15.787"/>
</kw>
<kw name="Normalize Result" library="dynamic_element">
<var>${text_normalize}</var>
<arg>${text_screen}</arg>
<msg timestamp="20220727 12:53:15.788" level="INFO">${text_normalize} = 1</msg>
<status status="PASS" starttime="20220727 12:53:15.787" endtime="20220727 12:53:15.788"/>
</kw>
<kw name="Should Be Equal" library="BuiltIn">
<arg>${RESULTADO_BDD}</arg>
<arg>${text_normalize}</arg>
<doc>Fails if the given objects are unequal.</doc>
<status status="PASS" starttime="20220727 12:53:15.788" endtime="20220727 12:53:15.788"/>
</kw>
<status status="PASS" starttime="20220727 12:53:15.053" endtime="20220727 12:53:15.788"/>
</kw>
<status status="PASS" starttime="20220727 12:53:15.052" endtime="20220727 12:53:15.789"/>
</kw>
<kw name="Fechar App" library="base" type="TEARDOWN">
<kw name="Close Application" library="AppiumLibrary">
<doc>Closes the current application and also close webdriver session.</doc>
<status status="PASS" starttime="20220727 12:53:15.790" endtime="20220727 12:53:16.817"/>
</kw>
<status status="PASS" starttime="20220727 12:53:15.790" endtime="20220727 12:53:16.817"/>
</kw>
<tag>custom_example_multiplication</tag>
<status status="PASS" starttime="20220727 12:52:56.744" endtime="20220727 12:53:16.818"/>
</test>
<status status="PASS" starttime="20220727 12:51:56.304" endtime="20220727 12:53:16.820"/>
</suite>
<suite id="s1-s2" name="Calculadora Division Feature" source="D:\GitHub\Gut\robot-appium\tests\calculadora_division_feature.robot">
<test id="s1-s2-t1" name="Scenario: Division calculation" line="11">
<kw name="Run Keywords" library="BuiltIn" type="SETUP">
<arg>Open App</arg>
<doc>Executes all the given keywords in a sequence.</doc>
<kw name="Open App" library="base">
<doc>switch between local and Browserstack testsetup</doc>
<kw name="Log To Console" library="BuiltIn">
<arg>${DEVICETYPE}</arg>
<doc>Logs the given message to the console.</doc>
<status status="PASS" starttime="20220727 12:53:16.856" endtime="20220727 12:53:16.864"/>
</kw>
<kw name="Run Keyword If" library="BuiltIn">
<arg>'${DEVICETYPE}'=='ANDROID'</arg>
<arg>Import Variables</arg>
<arg>${EXECDIR}/elements/android.yaml</arg>
<arg>ELSE IF</arg>
<arg>'${DEVICETYPE}'=='IOS'</arg>
<arg>Import Variables</arg>
<arg>${EXECDIR}/elements/ios.yaml</arg>
<doc>Runs the given keyword with the given arguments, if ``condition`` is true.</doc>
<kw name="Import Variables" library="BuiltIn">
<arg>${EXECDIR}/elements/android.yaml</arg>
<doc>Imports a variable file with the given path and optional arguments.</doc>
<status status="PASS" starttime="20220727 12:53:16.865" endtime="20220727 12:53:16.870"/>
</kw>
<status status="PASS" starttime="20220727 12:53:16.864" endtime="20220727 12:53:16.870"/>
</kw>
<kw name="Log To Console" library="BuiltIn">
<arg>${environmentToRunTest}</arg>
<doc>Logs the given message to the console.</doc>
<status status="PASS" starttime="20220727 12:53:16.870" endtime="20220727 12:53:16.871"/>
</kw>
<kw name="Run Keyword If" library="BuiltIn">
<arg>'${environmentToRunTest}'=='LOCAL'</arg>
<arg>Setup Local</arg>
<arg>ELSE IF</arg>
<arg>'${environmentToRunTest}'=='BROWSERSTACK'</arg>
<arg>Setup Browserstack</arg>
<doc>Runs the given keyword with the given arguments, if ``condition`` is true.</doc>
<kw name="Setup local" library="base">
<kw name="Run Keyword If" library="BuiltIn">
<arg>'${DEVICETYPE}'=='ANDROID'</arg>
<arg>Setup local Android</arg>
<arg>ELSE IF</arg>
<arg>'${DEVICETYPE}'=='IOS'</arg>
<arg>Setup local Ios</arg>
<doc>Runs the given keyword with the given arguments, if ``condition`` is true.</doc>
<kw name="Setup local Android" library="base">
<kw name="Open Application" library="AppiumLibrary">
<arg>${URL}</arg>
<arg>automationName=UiAutomator2</arg>
<arg>platformName=Android</arg>
<arg>deviceName=${DEVICENAME}</arg>
<arg>app=${APP_ANDROID}</arg>
<arg>udid=${UDID}</arg>
<doc>Opens a new application to given Appium server.
Capabilities of appium server, Android and iOS,
Please check https://github.com/appium/appium/blob/master/docs/en/writing-running-appium/server-args.md
| *Option*            | *Man.* | *Description*     |
| remote_url          | Yes    | Appium server url |
| alias               | no     | alias             |</doc>
<status status="PASS" starttime="20220727 12:53:16.873" endtime="20220727 12:53:32.489"/>
</kw>
<status status="PASS" starttime="20220727 12:53:16.873" endtime="20220727 12:53:32.489"/>
</kw>
<status status="PASS" starttime="20220727 12:53:16.872" endtime="20220727 12:53:32.489"/>
</kw>
<status status="PASS" starttime="20220727 12:53:16.872" endtime="20220727 12:53:32.490"/>
</kw>
<status status="PASS" starttime="20220727 12:53:16.871" endtime="20220727 12:53:32.490"/>
</kw>
<kw name="Wait Until Element Is Visible" library="AppiumLibrary">
<arg>${calculate_page.screen_result}</arg>
<arg>200</arg>
<doc>Waits until element specified with `locator` is visible.</doc>
<status status="PASS" starttime="20220727 12:53:32.490" endtime="20220727 12:53:33.451"/>
</kw>
<status status="PASS" starttime="20220727 12:53:16.856" endtime="20220727 12:53:33.451"/>
</kw>
<status status="PASS" starttime="20220727 12:53:16.855" endtime="20220727 12:53:33.451"/>
</kw>
<kw name="Given that I put &quot;1&quot; and click division after in &quot;1&quot;" library="calculadora" sourcename="that I put &quot;${NUM1}&quot; and click division after in &quot;${NUM2}&quot;">
<kw name="Set Suite Variable" library="BuiltIn">
<arg>${NUM1}</arg>
<doc>Makes a variable available everywhere within the scope of the current suite.</doc>
<msg timestamp="20220727 12:53:33.453" level="INFO">${NUM1} = 1</msg>
<status status="PASS" starttime="20220727 12:53:33.453" endtime="20220727 12:53:33.454"/>
</kw>
<kw name="click button &quot;${NUM1}&quot;" library="calculadora" sourcename="click button &quot;${NUM1}&quot;">
<kw name="Get Count Size" library="dynamic_element">
<var>${COUNT}</var>
<arg>${NUM1}</arg>
<msg timestamp="20220727 12:53:33.455" level="INFO">${COUNT} = 1</msg>
<status status="PASS" starttime="20220727 12:53:33.454" endtime="20220727 12:53:33.455"/>
</kw>
<if>
<branch type="IF" condition="${COUNT} &gt; 1">
<kw name="Get List Locator Calculate" library="dynamic_element">
<var>${LIST_LOCATOR}</var>
<arg>${calculate_page}</arg>
<arg>${NUM1}</arg>
<status status="NOT RUN" starttime="20220727 12:53:33.455" endtime="20220727 12:53:33.455"/>
</kw>
<for flavor="IN">
<var>${item}</var>
<value>@{LIST_LOCATOR}</value>
<iter>
<var name="${item}"/>
<kw name="Click Element" library="AppiumLibrary">
<arg>${item}</arg>
<doc>Click element identified by `locator`.</doc>
<status status="NOT RUN" starttime="20220727 12:53:33.456" endtime="20220727 12:53:33.456"/>
</kw>
<status status="NOT RUN" starttime="20220727 12:53:33.456" endtime="20220727 12:53:33.456"/>
</iter>
<status status="NOT RUN" starttime="20220727 12:53:33.455" endtime="20220727 12:53:33.456"/>
</for>
<status status="NOT RUN" starttime="20220727 12:53:33.455" endtime="20220727 12:53:33.456"/>
</branch>
<branch type="ELSE">
<kw name="Get Locator Calculate" library="dynamic_element">
<var>${LOCATOR}</var>
<arg>${calculate_page}</arg>
<arg>${NUM1}</arg>
<msg timestamp="20220727 12:53:33.457" level="INFO">${LOCATOR} = accessibility_id=Text_1</msg>
<status status="PASS" starttime="20220727 12:53:33.456" endtime="20220727 12:53:33.457"/>
</kw>
<kw name="Click Element" library="AppiumLibrary">
<arg>${LOCATOR}</arg>
<doc>Click element identified by `locator`.</doc>
<msg timestamp="20220727 12:53:33.460" level="INFO">Clicking element 'accessibility_id=Text_1'.</msg>
<status status="PASS" starttime="20220727 12:53:33.457" endtime="20220727 12:53:33.542"/>
</kw>
<status status="PASS" starttime="20220727 12:53:33.456" endtime="20220727 12:53:33.542"/>
</branch>
<status status="PASS" starttime="20220727 12:53:33.455" endtime="20220727 12:53:33.542"/>
</if>
<status status="PASS" starttime="20220727 12:53:33.454" endtime="20220727 12:53:33.542"/>
</kw>
<kw name="click division" library="calculadora">
<kw name="Click Element" library="AppiumLibrary">
<arg>${calculate_page.button_division}</arg>
<doc>Click element identified by `locator`.</doc>
<msg timestamp="20220727 12:53:33.547" level="INFO">Clicking element 'accessibility_id=Text_/'.</msg>
<status status="PASS" starttime="20220727 12:53:33.543" endtime="20220727 12:53:34.214"/>
</kw>
<status status="PASS" starttime="20220727 12:53:33.542" endtime="20220727 12:53:34.214"/>
</kw>
<kw name="Set Suite Variable" library="BuiltIn">
<arg>${NUM2}</arg>
<doc>Makes a variable available everywhere within the scope of the current suite.</doc>
<msg timestamp="20220727 12:53:34.215" level="INFO">${NUM2} = 1</msg>
<status status="PASS" starttime="20220727 12:53:34.215" endtime="20220727 12:53:34.215"/>
</kw>
<kw name="click button &quot;${NUM2}&quot;" library="calculadora" sourcename="click button &quot;${NUM1}&quot;">
<kw name="Get Count Size" library="dynamic_element">
<var>${COUNT}</var>
<arg>${NUM1}</arg>
<msg timestamp="20220727 12:53:34.216" level="INFO">${COUNT} = 1</msg>
<status status="PASS" starttime="20220727 12:53:34.216" endtime="20220727 12:53:34.216"/>
</kw>
<if>
<branch type="IF" condition="${COUNT} &gt; 1">
<kw name="Get List Locator Calculate" library="dynamic_element">
<var>${LIST_LOCATOR}</var>
<arg>${calculate_page}</arg>
<arg>${NUM1}</arg>
<status status="NOT RUN" starttime="20220727 12:53:34.216" endtime="20220727 12:53:34.216"/>
</kw>
<for flavor="IN">
<var>${item}</var>
<value>@{LIST_LOCATOR}</value>
<iter>
<var name="${item}"/>
<kw name="Click Element" library="AppiumLibrary">
<arg>${item}</arg>
<doc>Click element identified by `locator`.</doc>
<status status="NOT RUN" starttime="20220727 12:53:34.216" endtime="20220727 12:53:34.216"/>
</kw>
<status status="NOT RUN" starttime="20220727 12:53:34.216" endtime="20220727 12:53:34.216"/>
</iter>
<status status="NOT RUN" starttime="20220727 12:53:34.216" endtime="20220727 12:53:34.217"/>
</for>
<status status="NOT RUN" starttime="20220727 12:53:34.216" endtime="20220727 12:53:34.217"/>
</branch>
<branch type="ELSE">
<kw name="Get Locator Calculate" library="dynamic_element">
<var>${LOCATOR}</var>
<arg>${calculate_page}</arg>
<arg>${NUM1}</arg>
<msg timestamp="20220727 12:53:34.217" level="INFO">${LOCATOR} = accessibility_id=Text_1</msg>
<status status="PASS" starttime="20220727 12:53:34.217" endtime="20220727 12:53:34.217"/>
</kw>
<kw name="Click Element" library="AppiumLibrary">
<arg>${LOCATOR}</arg>
<doc>Click element identified by `locator`.</doc>
<msg timestamp="20220727 12:53:34.220" level="INFO">Clicking element 'accessibility_id=Text_1'.</msg>
<status status="PASS" starttime="20220727 12:53:34.217" endtime="20220727 12:53:34.894"/>
</kw>
<status status="PASS" starttime="20220727 12:53:34.217" endtime="20220727 12:53:34.895"/>
</branch>
<status status="PASS" starttime="20220727 12:53:34.216" endtime="20220727 12:53:34.895"/>
</if>
<status status="PASS" starttime="20220727 12:53:34.215" endtime="20220727 12:53:34.895"/>
</kw>
<status status="PASS" starttime="20220727 12:53:33.452" endtime="20220727 12:53:34.895"/>
</kw>
<kw name="When I click in equeals" library="calculadora">
<kw name="click equeals" library="calculadora">
<kw name="Click Element" library="AppiumLibrary">
<arg>${calculate_page.button_equals}</arg>
<doc>Click element identified by `locator`.</doc>
<msg timestamp="20220727 12:53:34.898" level="INFO">Clicking element 'accessibility_id=Text_='.</msg>
<status status="PASS" starttime="20220727 12:53:34.896" endtime="20220727 12:53:34.982"/>
</kw>
<status status="PASS" starttime="20220727 12:53:34.895" endtime="20220727 12:53:34.983"/>
</kw>
<status status="PASS" starttime="20220727 12:53:34.895" endtime="20220727 12:53:34.983"/>
</kw>
<kw name="Then I check value is &quot;1&quot;" library="calculadora" sourcename="I check value is &quot;${RESULT}&quot;">
<kw name="Normalize Result" library="dynamic_element">
<var>${resultNormalized}</var>
<arg>${RESULT}</arg>
<msg timestamp="20220727 12:53:34.985" level="INFO">${resultNormalized} = 1</msg>
<status status="PASS" starttime="20220727 12:53:34.984" endtime="20220727 12:53:34.985"/>
</kw>
<kw name="check result &quot;${resultNormalized}&quot;" library="calculadora" sourcename="check result &quot;${RESULTADO_BDD}&quot;">
<kw name="Get Text" library="AppiumLibrary">
<var>${text_screen}</var>
<arg>${calculate_page.screen_result}</arg>
<doc>Get element text (for hybrid and mobile browser use `xpath` locator, others might cause problem)</doc>
<msg timestamp="20220727 12:53:35.739" level="INFO">Element 'xpath=//android.view.ViewGroup[@content-desc="View_container"]/android.view.ViewGroup[1]/android.widget.TextView' text is '1' </msg>
<msg timestamp="20220727 12:53:35.739" level="INFO">${text_screen} = 1</msg>
<status status="PASS" starttime="20220727 12:53:34.986" endtime="20220727 12:53:35.739"/>
</kw>
<kw name="Normalize Result" library="dynamic_element">
<var>${text_normalize}</var>
<arg>${text_screen}</arg>
<msg timestamp="20220727 12:53:35.740" level="INFO">${text_normalize} = 1</msg>
<status status="PASS" starttime="20220727 12:53:35.739" endtime="20220727 12:53:35.740"/>
</kw>
<kw name="Should Be Equal" library="BuiltIn">
<arg>${RESULTADO_BDD}</arg>
<arg>${text_normalize}</arg>
<doc>Fails if the given objects are unequal.</doc>
<status status="PASS" starttime="20220727 12:53:35.740" endtime="20220727 12:53:35.740"/>
</kw>
<status status="PASS" starttime="20220727 12:53:34.985" endtime="20220727 12:53:35.740"/>
</kw>
<status status="PASS" starttime="20220727 12:53:34.984" endtime="20220727 12:53:35.740"/>
</kw>
<kw name="Fechar App" library="base" type="TEARDOWN">
<kw name="Close Application" library="AppiumLibrary">
<doc>Closes the current application and also close webdriver session.</doc>
<status status="PASS" starttime="20220727 12:53:35.741" endtime="20220727 12:53:36.759"/>
</kw>
<status status="PASS" starttime="20220727 12:53:35.741" endtime="20220727 12:53:36.759"/>
</kw>
<tag>simple_division</tag>
<status status="PASS" starttime="20220727 12:53:16.854" endtime="20220727 12:53:36.760"/>
</test>
<test id="s1-s2-t2" name="Scenario: Division calculation 2" line="17">
<kw name="Run Keywords" library="BuiltIn" type="SETUP">
<arg>Open App</arg>
<doc>Executes all the given keywords in a sequence.</doc>
<kw name="Open App" library="base">
<doc>switch between local and Browserstack testsetup</doc>
<kw name="Log To Console" library="BuiltIn">
<arg>${DEVICETYPE}</arg>
<doc>Logs the given message to the console.</doc>
<status status="PASS" starttime="20220727 12:53:36.769" endtime="20220727 12:53:36.770"/>
</kw>
<kw name="Run Keyword If" library="BuiltIn">
<arg>'${DEVICETYPE}'=='ANDROID'</arg>
<arg>Import Variables</arg>
<arg>${EXECDIR}/elements/android.yaml</arg>
<arg>ELSE IF</arg>
<arg>'${DEVICETYPE}'=='IOS'</arg>
<arg>Import Variables</arg>
<arg>${EXECDIR}/elements/ios.yaml</arg>
<doc>Runs the given keyword with the given arguments, if ``condition`` is true.</doc>
<kw name="Import Variables" library="BuiltIn">
<arg>${EXECDIR}/elements/android.yaml</arg>
<doc>Imports a variable file with the given path and optional arguments.</doc>
<status status="PASS" starttime="20220727 12:53:36.771" endtime="20220727 12:53:36.778"/>
</kw>
<status status="PASS" starttime="20220727 12:53:36.771" endtime="20220727 12:53:36.778"/>
</kw>
<kw name="Log To Console" library="BuiltIn">
<arg>${environmentToRunTest}</arg>
<doc>Logs the given message to the console.</doc>
<status status="PASS" starttime="20220727 12:53:36.778" endtime="20220727 12:53:36.784"/>
</kw>
<kw name="Run Keyword If" library="BuiltIn">
<arg>'${environmentToRunTest}'=='LOCAL'</arg>
<arg>Setup Local</arg>
<arg>ELSE IF</arg>
<arg>'${environmentToRunTest}'=='BROWSERSTACK'</arg>
<arg>Setup Browserstack</arg>
<doc>Runs the given keyword with the given arguments, if ``condition`` is true.</doc>
<kw name="Setup local" library="base">
<kw name="Run Keyword If" library="BuiltIn">
<arg>'${DEVICETYPE}'=='ANDROID'</arg>
<arg>Setup local Android</arg>
<arg>ELSE IF</arg>
<arg>'${DEVICETYPE}'=='IOS'</arg>
<arg>Setup local Ios</arg>
<doc>Runs the given keyword with the given arguments, if ``condition`` is true.</doc>
<kw name="Setup local Android" library="base">
<kw name="Open Application" library="AppiumLibrary">
<arg>${URL}</arg>
<arg>automationName=UiAutomator2</arg>
<arg>platformName=Android</arg>
<arg>deviceName=${DEVICENAME}</arg>
<arg>app=${APP_ANDROID}</arg>
<arg>udid=${UDID}</arg>
<doc>Opens a new application to given Appium server.
Capabilities of appium server, Android and iOS,
Please check https://github.com/appium/appium/blob/master/docs/en/writing-running-appium/server-args.md
| *Option*            | *Man.* | *Description*     |
| remote_url          | Yes    | Appium server url |
| alias               | no     | alias             |</doc>
<status status="PASS" starttime="20220727 12:53:36.788" endtime="20220727 12:53:52.798"/>
</kw>
<status status="PASS" starttime="20220727 12:53:36.787" endtime="20220727 12:53:52.798"/>
</kw>
<status status="PASS" starttime="20220727 12:53:36.786" endtime="20220727 12:53:52.799"/>
</kw>
<status status="PASS" starttime="20220727 12:53:36.786" endtime="20220727 12:53:52.799"/>
</kw>
<status status="PASS" starttime="20220727 12:53:36.785" endtime="20220727 12:53:52.799"/>
</kw>
<kw name="Wait Until Element Is Visible" library="AppiumLibrary">
<arg>${calculate_page.screen_result}</arg>
<arg>200</arg>
<doc>Waits until element specified with `locator` is visible.</doc>
<status status="PASS" starttime="20220727 12:53:52.799" endtime="20220727 12:53:53.733"/>
</kw>
<status status="PASS" starttime="20220727 12:53:36.769" endtime="20220727 12:53:53.733"/>
</kw>
<status status="PASS" starttime="20220727 12:53:36.768" endtime="20220727 12:53:53.733"/>
</kw>
<kw name="Given that I put &quot;8&quot; and click division after in &quot;5&quot;" library="calculadora" sourcename="that I put &quot;${NUM1}&quot; and click division after in &quot;${NUM2}&quot;">
<kw name="Set Suite Variable" library="BuiltIn">
<arg>${NUM1}</arg>
<doc>Makes a variable available everywhere within the scope of the current suite.</doc>
<msg timestamp="20220727 12:53:53.735" level="INFO">${NUM1} = 8</msg>
<status status="PASS" starttime="20220727 12:53:53.735" endtime="20220727 12:53:53.735"/>
</kw>
<kw name="click button &quot;${NUM1}&quot;" library="calculadora" sourcename="click button &quot;${NUM1}&quot;">
<kw name="Get Count Size" library="dynamic_element">
<var>${COUNT}</var>
<arg>${NUM1}</arg>
<msg timestamp="20220727 12:53:53.736" level="INFO">${COUNT} = 1</msg>
<status status="PASS" starttime="20220727 12:53:53.736" endtime="20220727 12:53:53.736"/>
</kw>
<if>
<branch type="IF" condition="${COUNT} &gt; 1">
<kw name="Get List Locator Calculate" library="dynamic_element">
<var>${LIST_LOCATOR}</var>
<arg>${calculate_page}</arg>
<arg>${NUM1}</arg>
<status status="NOT RUN" starttime="20220727 12:53:53.737" endtime="20220727 12:53:53.737"/>
</kw>
<for flavor="IN">
<var>${item}</var>
<value>@{LIST_LOCATOR}</value>
<iter>
<var name="${item}"/>
<kw name="Click Element" library="AppiumLibrary">
<arg>${item}</arg>
<doc>Click element identified by `locator`.</doc>
<status status="NOT RUN" starttime="20220727 12:53:53.737" endtime="20220727 12:53:53.737"/>
</kw>
<status status="NOT RUN" starttime="20220727 12:53:53.737" endtime="20220727 12:53:53.737"/>
</iter>
<status status="NOT RUN" starttime="20220727 12:53:53.737" endtime="20220727 12:53:53.737"/>
</for>
<status status="NOT RUN" starttime="20220727 12:53:53.737" endtime="20220727 12:53:53.737"/>
</branch>
<branch type="ELSE">
<kw name="Get Locator Calculate" library="dynamic_element">
<var>${LOCATOR}</var>
<arg>${calculate_page}</arg>
<arg>${NUM1}</arg>
<msg timestamp="20220727 12:53:53.738" level="INFO">${LOCATOR} = accessibility_id=Text_8</msg>
<status status="PASS" starttime="20220727 12:53:53.738" endtime="20220727 12:53:53.738"/>
</kw>
<kw name="Click Element" library="AppiumLibrary">
<arg>${LOCATOR}</arg>
<doc>Click element identified by `locator`.</doc>
<msg timestamp="20220727 12:53:53.741" level="INFO">Clicking element 'accessibility_id=Text_8'.</msg>
<status status="PASS" starttime="20220727 12:53:53.738" endtime="20220727 12:53:53.833"/>
</kw>
<status status="PASS" starttime="20220727 12:53:53.738" endtime="20220727 12:53:53.833"/>
</branch>
<status status="PASS" starttime="20220727 12:53:53.736" endtime="20220727 12:53:53.834"/>
</if>
<status status="PASS" starttime="20220727 12:53:53.735" endtime="20220727 12:53:53.834"/>
</kw>
<kw name="click division" library="calculadora">
<kw name="Click Element" library="AppiumLibrary">
<arg>${calculate_page.button_division}</arg>
<doc>Click element identified by `locator`.</doc>
<msg timestamp="20220727 12:53:53.838" level="INFO">Clicking element 'accessibility_id=Text_/'.</msg>
<status status="PASS" starttime="20220727 12:53:53.835" endtime="20220727 12:53:54.496"/>
</kw>
<status status="PASS" starttime="20220727 12:53:53.834" endtime="20220727 12:53:54.496"/>
</kw>
<kw name="Set Suite Variable" library="BuiltIn">
<arg>${NUM2}</arg>
<doc>Makes a variable available everywhere within the scope of the current suite.</doc>
<msg timestamp="20220727 12:53:54.497" level="INFO">${NUM2} = 5</msg>
<status status="PASS" starttime="20220727 12:53:54.496" endtime="20220727 12:53:54.497"/>
</kw>
<kw name="click button &quot;${NUM2}&quot;" library="calculadora" sourcename="click button &quot;${NUM1}&quot;">
<kw name="Get Count Size" library="dynamic_element">
<var>${COUNT}</var>
<arg>${NUM1}</arg>
<msg timestamp="20220727 12:53:54.497" level="INFO">${COUNT} = 1</msg>
<status status="PASS" starttime="20220727 12:53:54.497" endtime="20220727 12:53:54.497"/>
</kw>
<if>
<branch type="IF" condition="${COUNT} &gt; 1">
<kw name="Get List Locator Calculate" library="dynamic_element">
<var>${LIST_LOCATOR}</var>
<arg>${calculate_page}</arg>
<arg>${NUM1}</arg>
<status status="NOT RUN" starttime="20220727 12:53:54.498" endtime="20220727 12:53:54.498"/>
</kw>
<for flavor="IN">
<var>${item}</var>
<value>@{LIST_LOCATOR}</value>
<iter>
<var name="${item}"/>
<kw name="Click Element" library="AppiumLibrary">
<arg>${item}</arg>
<doc>Click element identified by `locator`.</doc>
<status status="NOT RUN" starttime="20220727 12:53:54.498" endtime="20220727 12:53:54.498"/>
</kw>
<status status="NOT RUN" starttime="20220727 12:53:54.498" endtime="20220727 12:53:54.498"/>
</iter>
<status status="NOT RUN" starttime="20220727 12:53:54.498" endtime="20220727 12:53:54.498"/>
</for>
<status status="NOT RUN" starttime="20220727 12:53:54.498" endtime="20220727 12:53:54.498"/>
</branch>
<branch type="ELSE">
<kw name="Get Locator Calculate" library="dynamic_element">
<var>${LOCATOR}</var>
<arg>${calculate_page}</arg>
<arg>${NUM1}</arg>
<msg timestamp="20220727 12:53:54.499" level="INFO">${LOCATOR} = accessibility_id=Text_5</msg>
<status status="PASS" starttime="20220727 12:53:54.498" endtime="20220727 12:53:54.499"/>
</kw>
<kw name="Click Element" library="AppiumLibrary">
<arg>${LOCATOR}</arg>
<doc>Click element identified by `locator`.</doc>
<msg timestamp="20220727 12:53:54.501" level="INFO">Clicking element 'accessibility_id=Text_5'.</msg>
<status status="PASS" starttime="20220727 12:53:54.499" endtime="20220727 12:53:55.143"/>
</kw>
<status status="PASS" starttime="20220727 12:53:54.498" endtime="20220727 12:53:55.143"/>
</branch>
<status status="PASS" starttime="20220727 12:53:54.498" endtime="20220727 12:53:55.143"/>
</if>
<status status="PASS" starttime="20220727 12:53:54.497" endtime="20220727 12:53:55.144"/>
</kw>
<status status="PASS" starttime="20220727 12:53:53.734" endtime="20220727 12:53:55.144"/>
</kw>
<kw name="When I click in equeals" library="calculadora">
<kw name="click equeals" library="calculadora">
<kw name="Click Element" library="AppiumLibrary">
<arg>${calculate_page.button_equals}</arg>
<doc>Click element identified by `locator`.</doc>
<msg timestamp="20220727 12:53:55.148" level="INFO">Clicking element 'accessibility_id=Text_='.</msg>
<status status="PASS" starttime="20220727 12:53:55.146" endtime="20220727 12:53:55.800"/>
</kw>
<status status="PASS" starttime="20220727 12:53:55.145" endtime="20220727 12:53:55.800"/>
</kw>
<status status="PASS" starttime="20220727 12:53:55.145" endtime="20220727 12:53:55.800"/>
</kw>
<kw name="Then I check value is &quot;1.6&quot;" library="calculadora" sourcename="I check value is &quot;${RESULT}&quot;">
<kw name="Normalize Result" library="dynamic_element">
<var>${resultNormalized}</var>
<arg>${RESULT}</arg>
<msg timestamp="20220727 12:53:55.802" level="INFO">${resultNormalized} = 1.6</msg>
<status status="PASS" starttime="20220727 12:53:55.802" endtime="20220727 12:53:55.802"/>
</kw>
<kw name="check result &quot;${resultNormalized}&quot;" library="calculadora" sourcename="check result &quot;${RESULTADO_BDD}&quot;">
<kw name="Get Text" library="AppiumLibrary">
<var>${text_screen}</var>
<arg>${calculate_page.screen_result}</arg>
<doc>Get element text (for hybrid and mobile browser use `xpath` locator, others might cause problem)</doc>
<msg timestamp="20220727 12:53:56.547" level="INFO">Element 'xpath=//android.view.ViewGroup[@content-desc="View_container"]/android.view.ViewGroup[1]/android.widget.TextView' text is '1.6' </msg>
<msg timestamp="20220727 12:53:56.547" level="INFO">${text_screen} = 1.6</msg>
<status status="PASS" starttime="20220727 12:53:55.803" endtime="20220727 12:53:56.547"/>
</kw>
<kw name="Normalize Result" library="dynamic_element">
<var>${text_normalize}</var>
<arg>${text_screen}</arg>
<msg timestamp="20220727 12:53:56.548" level="INFO">${text_normalize} = 1.6</msg>
<status status="PASS" starttime="20220727 12:53:56.547" endtime="20220727 12:53:56.548"/>
</kw>
<kw name="Should Be Equal" library="BuiltIn">
<arg>${RESULTADO_BDD}</arg>
<arg>${text_normalize}</arg>
<doc>Fails if the given objects are unequal.</doc>
<status status="PASS" starttime="20220727 12:53:56.548" endtime="20220727 12:53:56.548"/>
</kw>
<status status="PASS" starttime="20220727 12:53:55.802" endtime="20220727 12:53:56.548"/>
</kw>
<status status="PASS" starttime="20220727 12:53:55.801" endtime="20220727 12:53:56.549"/>
</kw>
<kw name="Fechar App" library="base" type="TEARDOWN">
<kw name="Close Application" library="AppiumLibrary">
<doc>Closes the current application and also close webdriver session.</doc>
<status status="PASS" starttime="20220727 12:53:56.550" endtime="20220727 12:53:57.653"/>
</kw>
<status status="PASS" starttime="20220727 12:53:56.549" endtime="20220727 12:53:57.653"/>
</kw>
<tag>simple_division_2</tag>
<status status="PASS" starttime="20220727 12:53:36.767" endtime="20220727 12:53:57.653"/>
</test>
<test id="s1-s2-t3" name="Scenario: Division calculation 3" line="23">
<kw name="Run Keywords" library="BuiltIn" type="SETUP">
<arg>Open App</arg>
<doc>Executes all the given keywords in a sequence.</doc>
<kw name="Open App" library="base">
<doc>switch between local and Browserstack testsetup</doc>
<kw name="Log To Console" library="BuiltIn">
<arg>${DEVICETYPE}</arg>
<doc>Logs the given message to the console.</doc>
<status status="PASS" starttime="20220727 12:53:57.656" endtime="20220727 12:53:57.661"/>
</kw>
<kw name="Run Keyword If" library="BuiltIn">
<arg>'${DEVICETYPE}'=='ANDROID'</arg>
<arg>Import Variables</arg>
<arg>${EXECDIR}/elements/android.yaml</arg>
<arg>ELSE IF</arg>
<arg>'${DEVICETYPE}'=='IOS'</arg>
<arg>Import Variables</arg>
<arg>${EXECDIR}/elements/ios.yaml</arg>
<doc>Runs the given keyword with the given arguments, if ``condition`` is true.</doc>
<kw name="Import Variables" library="BuiltIn">
<arg>${EXECDIR}/elements/android.yaml</arg>
<doc>Imports a variable file with the given path and optional arguments.</doc>
<status status="PASS" starttime="20220727 12:53:57.662" endtime="20220727 12:53:57.669"/>
</kw>
<status status="PASS" starttime="20220727 12:53:57.662" endtime="20220727 12:53:57.669"/>
</kw>
<kw name="Log To Console" library="BuiltIn">
<arg>${environmentToRunTest}</arg>
<doc>Logs the given message to the console.</doc>
<status status="PASS" starttime="20220727 12:53:57.670" endtime="20220727 12:53:57.681"/>
</kw>
<kw name="Run Keyword If" library="BuiltIn">
<arg>'${environmentToRunTest}'=='LOCAL'</arg>
<arg>Setup Local</arg>
<arg>ELSE IF</arg>
<arg>'${environmentToRunTest}'=='BROWSERSTACK'</arg>
<arg>Setup Browserstack</arg>
<doc>Runs the given keyword with the given arguments, if ``condition`` is true.</doc>
<kw name="Setup local" library="base">
<kw name="Run Keyword If" library="BuiltIn">
<arg>'${DEVICETYPE}'=='ANDROID'</arg>
<arg>Setup local Android</arg>
<arg>ELSE IF</arg>
<arg>'${DEVICETYPE}'=='IOS'</arg>
<arg>Setup local Ios</arg>
<doc>Runs the given keyword with the given arguments, if ``condition`` is true.</doc>
<kw name="Setup local Android" library="base">
<kw name="Open Application" library="AppiumLibrary">
<arg>${URL}</arg>
<arg>automationName=UiAutomator2</arg>
<arg>platformName=Android</arg>
<arg>deviceName=${DEVICENAME}</arg>
<arg>app=${APP_ANDROID}</arg>
<arg>udid=${UDID}</arg>
<doc>Opens a new application to given Appium server.
Capabilities of appium server, Android and iOS,
Please check https://github.com/appium/appium/blob/master/docs/en/writing-running-appium/server-args.md
| *Option*            | *Man.* | *Description*     |
| remote_url          | Yes    | Appium server url |
| alias               | no     | alias             |</doc>
<status status="PASS" starttime="20220727 12:53:57.684" endtime="20220727 12:54:13.610"/>
</kw>
<status status="PASS" starttime="20220727 12:53:57.683" endtime="20220727 12:54:13.610"/>
</kw>
<status status="PASS" starttime="20220727 12:53:57.682" endtime="20220727 12:54:13.610"/>
</kw>
<status status="PASS" starttime="20220727 12:53:57.682" endtime="20220727 12:54:13.610"/>
</kw>
<status status="PASS" starttime="20220727 12:53:57.681" endtime="20220727 12:54:13.611"/>
</kw>
<kw name="Wait Until Element Is Visible" library="AppiumLibrary">
<arg>${calculate_page.screen_result}</arg>
<arg>200</arg>
<doc>Waits until element specified with `locator` is visible.</doc>
<status status="PASS" starttime="20220727 12:54:13.611" endtime="20220727 12:54:14.511"/>
</kw>
<status status="PASS" starttime="20220727 12:53:57.656" endtime="20220727 12:54:14.511"/>
</kw>
<status status="PASS" starttime="20220727 12:53:57.656" endtime="20220727 12:54:14.511"/>
</kw>
<kw name="Given that I put &quot;8.5&quot; and click division after in &quot;5.1&quot;" library="calculadora" sourcename="that I put &quot;${NUM1}&quot; and click division after in &quot;${NUM2}&quot;">
<kw name="Set Suite Variable" library="BuiltIn">
<arg>${NUM1}</arg>
<doc>Makes a variable available everywhere within the scope of the current suite.</doc>
<msg timestamp="20220727 12:54:14.514" level="INFO">${NUM1} = 8.5</msg>
<status status="PASS" starttime="20220727 12:54:14.513" endtime="20220727 12:54:14.514"/>
</kw>
<kw name="click button &quot;${NUM1}&quot;" library="calculadora" sourcename="click button &quot;${NUM1}&quot;">
<kw name="Get Count Size" library="dynamic_element">
<var>${COUNT}</var>
<arg>${NUM1}</arg>
<msg timestamp="20220727 12:54:14.515" level="INFO">${COUNT} = 3</msg>
<status status="PASS" starttime="20220727 12:54:14.515" endtime="20220727 12:54:14.515"/>
</kw>
<if>
<branch type="IF" condition="${COUNT} &gt; 1">
<kw name="Get List Locator Calculate" library="dynamic_element">
<var>${LIST_LOCATOR}</var>
<arg>${calculate_page}</arg>
<arg>${NUM1}</arg>
<msg timestamp="20220727 12:54:14.516" level="INFO">${LIST_LOCATOR} = ['accessibility_id=Text_8', 'accessibility_id=Text_.', 'accessibility_id=Text_5']</msg>
<status status="PASS" starttime="20220727 12:54:14.515" endtime="20220727 12:54:14.516"/>
</kw>
<for flavor="IN">
<var>${item}</var>
<value>@{LIST_LOCATOR}</value>
<iter>
<var name="${item}">accessibility_id=Text_8</var>
<kw name="Click Element" library="AppiumLibrary">
<arg>${item}</arg>
<doc>Click element identified by `locator`.</doc>
<msg timestamp="20220727 12:54:14.520" level="INFO">Clicking element 'accessibility_id=Text_8'.</msg>
<status status="PASS" starttime="20220727 12:54:14.517" endtime="20220727 12:54:14.617"/>
</kw>
<status status="PASS" starttime="20220727 12:54:14.516" endtime="20220727 12:54:14.617"/>
</iter>
<iter>
<var name="${item}">accessibility_id=Text_.</var>
<kw name="Click Element" library="AppiumLibrary">
<arg>${item}</arg>
<doc>Click element identified by `locator`.</doc>
[...]
</if>
<status status="PASS" starttime="20220727 12:57:31.013" endtime="20220727 12:57:31.711"/>
</kw>
<status status="PASS" starttime="20220727 12:57:29.542" endtime="20220727 12:57:31.711"/>
</kw>
<kw name="When I click in equeals" library="calculadora">
<kw name="click equeals" library="calculadora">
<kw name="Click Element" library="AppiumLibrary">
<arg>${calculate_page.button_equals}</arg>
<doc>Click element identified by `locator`.</doc>
<msg timestamp="20220727 12:57:31.716" level="INFO">Clicking element 'accessibility_id=Text_='.</msg>
<status status="PASS" starttime="20220727 12:57:31.713" endtime="20220727 12:57:32.379"/>
</kw>
<status status="PASS" starttime="20220727 12:57:31.713" endtime="20220727 12:57:32.379"/>
</kw>
<status status="PASS" starttime="20220727 12:57:31.712" endtime="20220727 12:57:32.379"/>
</kw>
<kw name="Then I check value is &quot;60&quot;" library="calculadora" sourcename="I check value is &quot;${RESULT}&quot;">
<kw name="Normalize Result" library="dynamic_element">
<var>${resultNormalized}</var>
<arg>${RESULT}</arg>
<msg timestamp="20220727 12:57:32.381" level="INFO">${resultNormalized} = 60</msg>
<status status="PASS" starttime="20220727 12:57:32.381" endtime="20220727 12:57:32.381"/>
</kw>
<kw name="check result &quot;${resultNormalized}&quot;" library="calculadora" sourcename="check result &quot;${RESULTADO_BDD}&quot;">
<kw name="Get Text" library="AppiumLibrary">
<var>${text_screen}</var>
<arg>${calculate_page.screen_result}</arg>
<doc>Get element text (for hybrid and mobile browser use `xpath` locator, others might cause problem)</doc>
<msg timestamp="20220727 12:57:33.000" level="INFO">Element 'xpath=//android.view.ViewGroup[@content-desc="View_container"]/android.view.ViewGroup[1]/android.widget.TextView' text is '60' </msg>
<msg timestamp="20220727 12:57:33.000" level="INFO">${text_screen} = 60</msg>
<status status="PASS" starttime="20220727 12:57:32.382" endtime="20220727 12:57:33.000"/>
</kw>
<kw name="Normalize Result" library="dynamic_element">
<var>${text_normalize}</var>
<arg>${text_screen}</arg>
<msg timestamp="20220727 12:57:33.001" level="INFO">${text_normalize} = 60</msg>
<status status="PASS" starttime="20220727 12:57:33.001" endtime="20220727 12:57:33.001"/>
</kw>
<kw name="Should Be Equal" library="BuiltIn">
<arg>${RESULTADO_BDD}</arg>
<arg>${text_normalize}</arg>
<doc>Fails if the given objects are unequal.</doc>
<status status="PASS" starttime="20220727 12:57:33.001" endtime="20220727 12:57:33.002"/>
</kw>
<status status="PASS" starttime="20220727 12:57:32.381" endtime="20220727 12:57:33.002"/>
</kw>
<status status="PASS" starttime="20220727 12:57:32.380" endtime="20220727 12:57:33.002"/>
</kw>
<kw name="Fechar App" library="base" type="TEARDOWN">
<kw name="Close Application" library="AppiumLibrary">
<doc>Closes the current application and also close webdriver session.</doc>
<status status="PASS" starttime="20220727 12:57:33.003" endtime="20220727 12:57:34.091"/>
</kw>
<status status="PASS" starttime="20220727 12:57:33.003" endtime="20220727 12:57:34.091"/>
</kw>
<tag>simple_sum_3</tag>
<status status="PASS" starttime="20220727 12:57:11.787" endtime="20220727 12:57:34.092"/>
</test>
<test id="s1-s5-t4" name="Scenario: Sum calculation 4" line="29">
<kw name="Run Keywords" library="BuiltIn" type="SETUP">
<arg>Open App</arg>
<doc>Executes all the given keywords in a sequence.</doc>
<kw name="Open App" library="base">
<doc>switch between local and Browserstack testsetup</doc>
<kw name="Log To Console" library="BuiltIn">
<arg>${DEVICETYPE}</arg>
<doc>Logs the given message to the console.</doc>
<status status="PASS" starttime="20220727 12:57:34.102" endtime="20220727 12:57:34.103"/>
</kw>
<kw name="Run Keyword If" library="BuiltIn">
<arg>'${DEVICETYPE}'=='ANDROID'</arg>
<arg>Import Variables</arg>
<arg>${EXECDIR}/elements/android.yaml</arg>
<arg>ELSE IF</arg>
<arg>'${DEVICETYPE}'=='IOS'</arg>
<arg>Import Variables</arg>
<arg>${EXECDIR}/elements/ios.yaml</arg>
<doc>Runs the given keyword with the given arguments, if ``condition`` is true.</doc>
<kw name="Import Variables" library="BuiltIn">
<arg>${EXECDIR}/elements/android.yaml</arg>
<doc>Imports a variable file with the given path and optional arguments.</doc>
<status status="PASS" starttime="20220727 12:57:34.104" endtime="20220727 12:57:34.109"/>
</kw>
<status status="PASS" starttime="20220727 12:57:34.103" endtime="20220727 12:57:34.110"/>
</kw>
<kw name="Log To Console" library="BuiltIn">
<arg>${environmentToRunTest}</arg>
<doc>Logs the given message to the console.</doc>
<status status="PASS" starttime="20220727 12:57:34.110" endtime="20220727 12:57:34.111"/>
</kw>
<kw name="Run Keyword If" library="BuiltIn">
<arg>'${environmentToRunTest}'=='LOCAL'</arg>
<arg>Setup Local</arg>
<arg>ELSE IF</arg>
<arg>'${environmentToRunTest}'=='BROWSERSTACK'</arg>
<arg>Setup Browserstack</arg>
<doc>Runs the given keyword with the given arguments, if ``condition`` is true.</doc>
<kw name="Setup local" library="base">
<kw name="Run Keyword If" library="BuiltIn">
<arg>'${DEVICETYPE}'=='ANDROID'</arg>
<arg>Setup local Android</arg>
<arg>ELSE IF</arg>
<arg>'${DEVICETYPE}'=='IOS'</arg>
<arg>Setup local Ios</arg>
<doc>Runs the given keyword with the given arguments, if ``condition`` is true.</doc>
<kw name="Setup local Android" library="base">
<kw name="Open Application" library="AppiumLibrary">
<arg>${URL}</arg>
<arg>automationName=UiAutomator2</arg>
<arg>platformName=Android</arg>
<arg>deviceName=${DEVICENAME}</arg>
<arg>app=${APP_ANDROID}</arg>
<arg>udid=${UDID}</arg>
<doc>Opens a new application to given Appium server.
Capabilities of appium server, Android and iOS,
Please check https://github.com/appium/appium/blob/master/docs/en/writing-running-appium/server-args.md
| *Option*            | *Man.* | *Description*     |
| remote_url          | Yes    | Appium server url |
| alias               | no     | alias             |</doc>
<status status="PASS" starttime="20220727 12:57:34.113" endtime="20220727 12:57:50.424"/>
</kw>
<status status="PASS" starttime="20220727 12:57:34.113" endtime="20220727 12:57:50.424"/>
</kw>
<status status="PASS" starttime="20220727 12:57:34.112" endtime="20220727 12:57:50.425"/>
</kw>
<status status="PASS" starttime="20220727 12:57:34.112" endtime="20220727 12:57:50.425"/>
</kw>
<status status="PASS" starttime="20220727 12:57:34.111" endtime="20220727 12:57:50.425"/>
</kw>
<kw name="Wait Until Element Is Visible" library="AppiumLibrary">
<arg>${calculate_page.screen_result}</arg>
<arg>200</arg>
<doc>Waits until element specified with `locator` is visible.</doc>
<status status="PASS" starttime="20220727 12:57:50.425" endtime="20220727 12:57:51.413"/>
</kw>
<status status="PASS" starttime="20220727 12:57:34.101" endtime="20220727 12:57:51.413"/>
</kw>
<status status="PASS" starttime="20220727 12:57:34.101" endtime="20220727 12:57:51.413"/>
</kw>
<kw name="Given that I put &quot;5.5&quot; and click sum after in &quot;5&quot;" library="calculadora" sourcename="that I put &quot;${NUM1}&quot; and click sum after in &quot;${NUM2}&quot;">
<kw name="Set Suite Variable" library="BuiltIn">
<arg>${NUM1}</arg>
<doc>Makes a variable available everywhere within the scope of the current suite.</doc>
<msg timestamp="20220727 12:57:51.415" level="INFO">${NUM1} = 5.5</msg>
<status status="PASS" starttime="20220727 12:57:51.414" endtime="20220727 12:57:51.415"/>
</kw>
<kw name="click button &quot;${NUM1}&quot;" library="calculadora" sourcename="click button &quot;${NUM1}&quot;">
<kw name="Get Count Size" library="dynamic_element">
<var>${COUNT}</var>
<arg>${NUM1}</arg>
<msg timestamp="20220727 12:57:51.415" level="INFO">${COUNT} = 3</msg>
<status status="PASS" starttime="20220727 12:57:51.415" endtime="20220727 12:57:51.415"/>
</kw>
<if>
<branch type="IF" condition="${COUNT} &gt; 1">
<kw name="Get List Locator Calculate" library="dynamic_element">
<var>${LIST_LOCATOR}</var>
<arg>${calculate_page}</arg>
<arg>${NUM1}</arg>
<msg timestamp="20220727 12:57:51.416" level="INFO">${LIST_LOCATOR} = ['accessibility_id=Text_5', 'accessibility_id=Text_.', 'accessibility_id=Text_5']</msg>
<status status="PASS" starttime="20220727 12:57:51.416" endtime="20220727 12:57:51.416"/>
</kw>
<for flavor="IN">
<var>${item}</var>
<value>@{LIST_LOCATOR}</value>
<iter>
<var name="${item}">accessibility_id=Text_5</var>
<kw name="Click Element" library="AppiumLibrary">
<arg>${item}</arg>
<doc>Click element identified by `locator`.</doc>
<msg timestamp="20220727 12:57:51.419" level="INFO">Clicking element 'accessibility_id=Text_5'.</msg>
<status status="PASS" starttime="20220727 12:57:51.417" endtime="20220727 12:57:51.515"/>
</kw>
<status status="PASS" starttime="20220727 12:57:51.417" endtime="20220727 12:57:51.516"/>
</iter>
<iter>
<var name="${item}">accessibility_id=Text_.</var>
<kw name="Click Element" library="AppiumLibrary">
<arg>${item}</arg>
<doc>Click element identified by `locator`.</doc>
<msg timestamp="20220727 12:57:51.519" level="INFO">Clicking element 'accessibility_id=Text_.'.</msg>
<status status="PASS" starttime="20220727 12:57:51.516" endtime="20220727 12:57:52.201"/>
</kw>
<status status="PASS" starttime="20220727 12:57:51.516" endtime="20220727 12:57:52.201"/>
</iter>
<iter>
<var name="${item}">accessibility_id=Text_5</var>
<kw name="Click Element" library="AppiumLibrary">
<arg>${item}</arg>
<doc>Click element identified by `locator`.</doc>
<msg timestamp="20220727 12:57:52.204" level="INFO">Clicking element 'accessibility_id=Text_5'.</msg>
<status status="PASS" starttime="20220727 12:57:52.201" endtime="20220727 12:57:52.313"/>
</kw>
<status status="PASS" starttime="20220727 12:57:52.201" endtime="20220727 12:57:52.313"/>
</iter>
<status status="PASS" starttime="20220727 12:57:51.416" endtime="20220727 12:57:52.313"/>
</for>
<status status="PASS" starttime="20220727 12:57:51.416" endtime="20220727 12:57:52.313"/>
</branch>
<branch type="ELSE">
<kw name="Get Locator Calculate" library="dynamic_element">
<var>${LOCATOR}</var>
<arg>${calculate_page}</arg>
<arg>${NUM1}</arg>
<status status="NOT RUN" starttime="20220727 12:57:52.314" endtime="20220727 12:57:52.314"/>
</kw>
<kw name="Click Element" library="AppiumLibrary">
<arg>${LOCATOR}</arg>
<doc>Click element identified by `locator`.</doc>
<status status="NOT RUN" starttime="20220727 12:57:52.314" endtime="20220727 12:57:52.314"/>
</kw>
<status status="NOT RUN" starttime="20220727 12:57:52.313" endtime="20220727 12:57:52.314"/>
</branch>
<status status="PASS" starttime="20220727 12:57:51.416" endtime="20220727 12:57:52.314"/>
</if>
<status status="PASS" starttime="20220727 12:57:51.415" endtime="20220727 12:57:52.314"/>
</kw>
<kw name="click sum" library="calculadora">
<kw name="Click Element" library="AppiumLibrary">
<arg>${calculate_page.button_sum}</arg>
<doc>Click element identified by `locator`.</doc>
<msg timestamp="20220727 12:57:52.318" level="INFO">Clicking element 'accessibility_id=Text_+'.</msg>
<status status="PASS" starttime="20220727 12:57:52.315" endtime="20220727 12:57:52.981"/>
</kw>
<status status="PASS" starttime="20220727 12:57:52.314" endtime="20220727 12:57:52.981"/>
</kw>
<kw name="Set Suite Variable" library="BuiltIn">
<arg>${NUM2}</arg>
<doc>Makes a variable available everywhere within the scope of the current suite.</doc>
<msg timestamp="20220727 12:57:52.981" level="INFO">${NUM2} = 5</msg>
<status status="PASS" starttime="20220727 12:57:52.981" endtime="20220727 12:57:52.982"/>
</kw>
<kw name="click button &quot;${NUM2}&quot;" library="calculadora" sourcename="click button &quot;${NUM1}&quot;">
<kw name="Get Count Size" library="dynamic_element">
<var>${COUNT}</var>
<arg>${NUM1}</arg>
<msg timestamp="20220727 12:57:52.983" level="INFO">${COUNT} = 1</msg>
<status status="PASS" starttime="20220727 12:57:52.982" endtime="20220727 12:57:52.983"/>
</kw>
<if>
<branch type="IF" condition="${COUNT} &gt; 1">
<kw name="Get List Locator Calculate" library="dynamic_element">
<var>${LIST_LOCATOR}</var>
<arg>${calculate_page}</arg>
<arg>${NUM1}</arg>
<status status="NOT RUN" starttime="20220727 12:57:52.984" endtime="20220727 12:57:52.984"/>
</kw>
<for flavor="IN">
<var>${item}</var>
<value>@{LIST_LOCATOR}</value>
<iter>
<var name="${item}"/>
<kw name="Click Element" library="AppiumLibrary">
<arg>${item}</arg>
<doc>Click element identified by `locator`.</doc>
<status status="NOT RUN" starttime="20220727 12:57:52.984" endtime="20220727 12:57:52.984"/>
</kw>
<status status="NOT RUN" starttime="20220727 12:57:52.984" endtime="20220727 12:57:52.984"/>
</iter>
<status status="NOT RUN" starttime="20220727 12:57:52.984" endtime="20220727 12:57:52.984"/>
</for>
<status status="NOT RUN" starttime="20220727 12:57:52.983" endtime="20220727 12:57:52.984"/>
</branch>
<branch type="ELSE">
<kw name="Get Locator Calculate" library="dynamic_element">
<var>${LOCATOR}</var>
<arg>${calculate_page}</arg>
<arg>${NUM1}</arg>
<msg timestamp="20220727 12:57:52.985" level="INFO">${LOCATOR} = accessibility_id=Text_5</msg>
<status status="PASS" starttime="20220727 12:57:52.984" endtime="20220727 12:57:52.985"/>
</kw>
<kw name="Click Element" library="AppiumLibrary">
<arg>${LOCATOR}</arg>
<doc>Click element identified by `locator`.</doc>
<msg timestamp="20220727 12:57:52.989" level="INFO">Clicking element 'accessibility_id=Text_5'.</msg>
<status status="PASS" starttime="20220727 12:57:52.985" endtime="20220727 12:57:53.681"/>
</kw>
<status status="PASS" starttime="20220727 12:57:52.984" endtime="20220727 12:57:53.681"/>
</branch>
<status status="PASS" starttime="20220727 12:57:52.983" endtime="20220727 12:57:53.681"/>
</if>
<status status="PASS" starttime="20220727 12:57:52.982" endtime="20220727 12:57:53.681"/>
</kw>
<status status="PASS" starttime="20220727 12:57:51.414" endtime="20220727 12:57:53.681"/>
</kw>
<kw name="When I click in equeals" library="calculadora">
<kw name="click equeals" library="calculadora">
<kw name="Click Element" library="AppiumLibrary">
<arg>${calculate_page.button_equals}</arg>
<doc>Click element identified by `locator`.</doc>
<msg timestamp="20220727 12:57:53.687" level="INFO">Clicking element 'accessibility_id=Text_='.</msg>
<status status="PASS" starttime="20220727 12:57:53.683" endtime="20220727 12:57:54.348"/>
</kw>
<status status="PASS" starttime="20220727 12:57:53.682" endtime="20220727 12:57:54.349"/>
</kw>
<status status="PASS" starttime="20220727 12:57:53.682" endtime="20220727 12:57:54.349"/>
</kw>
<kw name="Then I check value is &quot;10.5&quot;" library="calculadora" sourcename="I check value is &quot;${RESULT}&quot;">
<kw name="Normalize Result" library="dynamic_element">
<var>${resultNormalized}</var>
<arg>${RESULT}</arg>
<msg timestamp="20220727 12:57:54.351" level="INFO">${resultNormalized} = 10.5</msg>
<status status="PASS" starttime="20220727 12:57:54.350" endtime="20220727 12:57:54.351"/>
</kw>
<kw name="check result &quot;${resultNormalized}&quot;" library="calculadora" sourcename="check result &quot;${RESULTADO_BDD}&quot;">
<kw name="Get Text" library="AppiumLibrary">
<var>${text_screen}</var>
<arg>${calculate_page.screen_result}</arg>
<doc>Get element text (for hybrid and mobile browser use `xpath` locator, others might cause problem)</doc>
<msg timestamp="20220727 12:57:55.091" level="INFO">Element 'xpath=//android.view.ViewGroup[@content-desc="View_container"]/android.view.ViewGroup[1]/android.widget.TextView' text is '10.5' </msg>
<msg timestamp="20220727 12:57:55.091" level="INFO">${text_screen} = 10.5</msg>
<status status="PASS" starttime="20220727 12:57:54.352" endtime="20220727 12:57:55.091"/>
</kw>
<kw name="Normalize Result" library="dynamic_element">
<var>${text_normalize}</var>
<arg>${text_screen}</arg>
<msg timestamp="20220727 12:57:55.092" level="INFO">${text_normalize} = 10.5</msg>
<status status="PASS" starttime="20220727 12:57:55.091" endtime="20220727 12:57:55.092"/>
</kw>
<kw name="Should Be Equal" library="BuiltIn">
<arg>${RESULTADO_BDD}</arg>
<arg>${text_normalize}</arg>
<doc>Fails if the given objects are unequal.</doc>
<status status="PASS" starttime="20220727 12:57:55.092" endtime="20220727 12:57:55.092"/>
</kw>
<status status="PASS" starttime="20220727 12:57:54.352" endtime="20220727 12:57:55.092"/>
</kw>
<status status="PASS" starttime="20220727 12:57:54.350" endtime="20220727 12:57:55.093"/>
</kw>
<kw name="Fechar App" library="base" type="TEARDOWN">
<kw name="Close Application" library="AppiumLibrary">
<doc>Closes the current application and also close webdriver session.</doc>
<status status="PASS" starttime="20220727 12:57:55.094" endtime="20220727 12:57:56.055"/>
</kw>
<status status="PASS" starttime="20220727 12:57:55.094" endtime="20220727 12:57:56.055"/>
</kw>
<tag>dot_sum_4</tag>
<status status="PASS" starttime="20220727 12:57:34.100" endtime="20220727 12:57:56.055"/>
</test>
<status status="PASS" starttime="20220727 12:56:30.135" endtime="20220727 12:57:56.057"/>
</suite>
<status status="PASS" starttime="20220727 12:51:56.280" endtime="20220727 12:57:56.069"/>
</suite>
<statistics>
<total>
<stat pass="17" fail="0" skip="0">All Tests</stat>
</total>
<tag>
<stat pass="1" fail="0" skip="0">custom_example_division</stat>
<stat pass="1" fail="0" skip="0">custom_example_multiplication</stat>
<stat pass="1" fail="0" skip="0">custom_example_subtract</stat>
<stat pass="1" fail="0" skip="0">custom_example_sum</stat>
<stat pass="1" fail="0" skip="0">dot_division_3</stat>
<stat pass="1" fail="0" skip="0">dot_multiplication_3</stat>
<stat pass="1" fail="0" skip="0">dot_subtract_3</stat>
<stat pass="1" fail="0" skip="0">dot_sum_4</stat>
<stat pass="1" fail="0" skip="0">simple_division</stat>
<stat pass="1" fail="0" skip="0">simple_division_2</stat>
<stat pass="1" fail="0" skip="0">simple_multiplication</stat>
<stat pass="1" fail="0" skip="0">simple_multiplication_2</stat>
<stat pass="1" fail="0" skip="0">simple_subtract</stat>
<stat pass="1" fail="0" skip="0">simple_subtract_2</stat>
<stat pass="1" fail="0" skip="0">simple_sum</stat>
<stat pass="1" fail="0" skip="0">simple_sum_2</stat>
<stat pass="1" fail="0" skip="0">simple_sum_3</stat>
</tag>
<suite>
<stat pass="17" fail="0" skip="0" id="s1" name="Calculadora Custom Feature &amp; Calculadora Division Feature &amp; Calculadora Multiplication Feature &amp; Calculadora Subtract Feature &amp; Calculadora Sum Feature">Calculadora Custom Feature &amp; Calculadora Division Feature &amp; Calculadora Multiplication Feature &amp; Calculadora Subtract Feature &amp; Calculadora Sum Feature</stat>
<stat pass="4" fail="0" skip="0" id="s1-s1" name="Calculadora Custom Feature">Calculadora Custom Feature &amp; Calculadora Division Feature &amp; Calculadora Multiplication Feature &amp; Calculadora Subtract Feature &amp; Calculadora Sum Feature.Calculadora Custom Feature</stat>
<stat pass="3" fail="0" skip="0" id="s1-s2" name="Calculadora Division Feature">Calculadora Custom Feature &amp; Calculadora Division Feature &amp; Calculadora Multiplication Feature &amp; Calculadora Subtract Feature &amp; Calculadora Sum Feature.Calculadora Division Feature</stat>
<stat pass="3" fail="0" skip="0" id="s1-s3" name="Calculadora Multiplication Feature">Calculadora Custom Feature &amp; Calculadora Division Feature &amp; Calculadora Multiplication Feature &amp; Calculadora Subtract Feature &amp; Calculadora Sum Feature.Calculadora Multiplication Feature</stat>
<stat pass="3" fail="0" skip="0" id="s1-s4" name="Calculadora Subtract Feature">Calculadora Custom Feature &amp; Calculadora Division Feature &amp; Calculadora Multiplication Feature &amp; Calculadora Subtract Feature &amp; Calculadora Sum Feature.Calculadora Subtract Feature</stat>
<stat pass="4" fail="0" skip="0" id="s1-s5" name="Calculadora Sum Feature">Calculadora Custom Feature &amp; Calculadora Division Feature &amp; Calculadora Multiplication Feature &amp; Calculadora Subtract Feature &amp; Calculadora Sum Feature.Calculadora Sum Feature</stat>
</suite>
</statistics>
<errors>
</errors>
</robot>
